<?xml version="1.0" encoding="UTF-8"?>
<coverage generated="1702961466979" clover="3.2.0">
  <project timestamp="1702961466979" name="All files">
    <metrics statements="352" coveredstatements="217" conditionals="100" coveredconditionals="49" methods="98" coveredmethods="59" elements="550" coveredelements="325" complexity="0" loc="352" ncloc="352" packages="4" files="8" classes="8"/>
    <package name="core">
      <metrics statements="75" coveredstatements="63" conditionals="16" coveredconditionals="11" methods="16" coveredmethods="13"/>
      <file name="Typoz.ts" path="C:\kimson\Kim_Coding\project\typoz\src\core\Typoz.ts">
        <metrics statements="75" coveredstatements="63" conditionals="16" coveredconditionals="11" methods="16" coveredmethods="13"/>
        <line num="1" count="2" type="stmt"/>
        <line num="2" count="2" type="stmt"/>
        <line num="3" count="2" type="stmt"/>
        <line num="13" count="2" type="stmt"/>
        <line num="14" count="2" type="stmt"/>
        <line num="16" count="2" type="stmt"/>
        <line num="17" count="2" type="stmt"/>
        <line num="25" count="0" type="stmt"/>
        <line num="26" count="0" type="stmt"/>
        <line num="27" count="0" type="stmt"/>
        <line num="32" count="2" type="stmt"/>
        <line num="33" count="2" type="stmt"/>
        <line num="36" count="2" type="stmt"/>
        <line num="44" count="11" type="stmt"/>
        <line num="53" count="5" type="stmt"/>
        <line num="54" count="5" type="stmt"/>
        <line num="55" count="5" type="stmt"/>
        <line num="57" count="5" type="stmt"/>
        <line num="58" count="3" type="stmt"/>
        <line num="60" count="5" type="stmt"/>
        <line num="61" count="0" type="stmt"/>
        <line num="64" count="5" type="stmt"/>
        <line num="65" count="5" type="stmt"/>
        <line num="66" count="5" type="stmt"/>
        <line num="67" count="3" type="stmt"/>
        <line num="80" count="4" type="cond" truecount="1" falsecount="0"/>
        <line num="81" count="4" type="cond" truecount="1" falsecount="0"/>
        <line num="82" count="4" type="stmt"/>
        <line num="88" count="7" type="stmt"/>
        <line num="92" count="2" type="stmt"/>
        <line num="93" count="2" type="stmt"/>
        <line num="94" count="6" type="stmt"/>
        <line num="96" count="2" type="stmt"/>
        <line num="140" count="4" type="stmt"/>
        <line num="141" count="4" type="stmt"/>
        <line num="142" count="1" type="stmt"/>
        <line num="143" count="1" type="cond" truecount="1" falsecount="0"/>
        <line num="144" count="1" type="cond" truecount="1" falsecount="0"/>
        <line num="145" count="1" type="stmt"/>
        <line num="147" count="1" type="stmt"/>
        <line num="149" count="1" type="stmt"/>
        <line num="150" count="1" type="stmt"/>
        <line num="156" count="1" type="stmt"/>
        <line num="163" count="4" type="stmt"/>
        <line num="164" count="0" type="stmt"/>
        <line num="165" count="0" type="cond" truecount="0" falsecount="1"/>
        <line num="166" count="0" type="cond" truecount="0" falsecount="1"/>
        <line num="167" count="0" type="stmt"/>
        <line num="169" count="0" type="stmt"/>
        <line num="171" count="0" type="stmt"/>
        <line num="172" count="0" type="stmt"/>
        <line num="178" count="0" type="stmt"/>
        <line num="183" count="4" type="cond" truecount="1" falsecount="0"/>
        <line num="184" count="2" type="stmt"/>
        <line num="186" count="2" type="stmt"/>
        <line num="214" count="2" type="stmt"/>
        <line num="219" count="2" type="stmt"/>
        <line num="223" count="4" type="stmt"/>
        <line num="224" count="4" type="stmt"/>
        <line num="225" count="2" type="stmt"/>
        <line num="226" count="2" type="stmt"/>
        <line num="227" count="2" type="cond" truecount="1" falsecount="0"/>
        <line num="228" count="2" type="stmt"/>
        <line num="230" count="2" type="stmt"/>
        <line num="236" count="2" type="cond" truecount="1" falsecount="0"/>
        <line num="237" count="2" type="stmt"/>
        <line num="245" count="4" type="stmt"/>
        <line num="247" count="4" type="stmt"/>
        <line num="249" count="4" type="stmt"/>
        <line num="250" count="4" type="stmt"/>
        <line num="251" count="4" type="stmt"/>
        <line num="253" count="4" type="stmt"/>
        <line num="254" count="3" type="stmt"/>
        <line num="255" count="3" type="stmt"/>
        <line num="258" count="4" type="stmt"/>
      </file>
    </package>
    <package name="models">
      <metrics statements="32" coveredstatements="30" conditionals="6" coveredconditionals="6" methods="10" coveredmethods="7"/>
      <file name="TypeNode.ts" path="C:\kimson\Kim_Coding\project\typoz\src\models\TypeNode.ts">
        <metrics statements="32" coveredstatements="30" conditionals="6" coveredconditionals="6" methods="10" coveredmethods="7"/>
        <line num="1" count="2" type="stmt"/>
        <line num="4" count="2" type="stmt"/>
        <line num="5" count="2" type="stmt"/>
        <line num="8" count="3" type="stmt"/>
        <line num="10" count="3" type="stmt"/>
        <line num="12" count="3" type="stmt"/>
        <line num="14" count="3" type="stmt"/>
        <line num="15" count="3" type="stmt"/>
        <line num="24" count="3" type="stmt"/>
        <line num="25" count="3" type="stmt"/>
        <line num="26" count="3" type="stmt"/>
        <line num="27" count="3" type="stmt"/>
        <line num="28" count="3" type="stmt"/>
        <line num="29" count="7" type="cond" truecount="4" falsecount="0"/>
        <line num="32" count="3" type="stmt"/>
        <line num="36" count="3" type="cond" truecount="2" falsecount="0"/>
        <line num="40" count="3" type="stmt"/>
        <line num="41" count="3" type="stmt"/>
        <line num="42" count="3" type="stmt"/>
        <line num="43" count="3" type="stmt"/>
        <line num="44" count="3" type="stmt"/>
        <line num="45" count="3" type="stmt"/>
        <line num="47" count="3" type="stmt"/>
        <line num="51" count="3" type="stmt"/>
        <line num="52" count="3" type="stmt"/>
        <line num="55" count="3" type="stmt"/>
        <line num="57" count="0" type="stmt"/>
        <line num="58" count="0" type="stmt"/>
        <line num="79" count="3" type="stmt"/>
        <line num="80" count="3" type="stmt"/>
        <line num="81" count="3" type="stmt"/>
        <line num="82" count="3" type="stmt"/>
      </file>
    </package>
    <package name="modules">
      <metrics statements="203" coveredstatements="86" conditionals="44" coveredconditionals="14" methods="61" coveredmethods="28"/>
      <file name="BaseParser.ts" path="C:\kimson\Kim_Coding\project\typoz\src\modules\BaseParser.ts">
        <metrics statements="1" coveredstatements="1" conditionals="0" coveredconditionals="0" methods="0" coveredmethods="0"/>
        <line num="3" count="2" type="stmt"/>
      </file>
      <file name="KoreanParser.ts" path="C:\kimson\Kim_Coding\project\typoz\src\modules\KoreanParser.ts">
        <metrics statements="44" coveredstatements="44" conditionals="6" coveredconditionals="6" methods="19" coveredmethods="19"/>
        <line num="1" count="2" type="stmt"/>
        <line num="3" count="18" type="stmt"/>
        <line num="5" count="18" type="stmt"/>
        <line num="7" count="18" type="stmt"/>
        <line num="9" count="18" type="stmt"/>
        <line num="10" count="18" type="stmt"/>
        <line num="11" count="18" type="stmt"/>
        <line num="14" count="18" type="stmt"/>
        <line num="18" count="332" type="cond" truecount="1" falsecount="0"/>
        <line num="19" count="331" type="stmt"/>
        <line num="24" count="110" type="stmt"/>
        <line num="27" count="113" type="stmt"/>
        <line num="32" count="109" type="stmt"/>
        <line num="37" count="109" type="stmt"/>
        <line num="40" count="109" type="stmt"/>
        <line num="43" count="106" type="stmt"/>
        <line num="48" count="573" type="stmt"/>
        <line num="53" count="294" type="stmt"/>
        <line num="56" count="105" type="stmt"/>
        <line num="57" count="104" type="stmt"/>
        <line num="58" count="104" type="stmt"/>
        <line num="59" count="104" type="stmt"/>
        <line num="64" count="193" type="stmt"/>
        <line num="67" count="116" type="stmt"/>
        <line num="70" count="34" type="stmt"/>
        <line num="74" count="193" type="stmt"/>
        <line num="75" count="193" type="stmt"/>
        <line num="78" count="116" type="stmt"/>
        <line num="79" count="116" type="stmt"/>
        <line num="82" count="34" type="stmt"/>
        <line num="83" count="34" type="stmt"/>
        <line num="87" count="193" type="stmt"/>
        <line num="88" count="193" type="cond" truecount="1" falsecount="0"/>
        <line num="89" count="193" type="stmt"/>
        <line num="91" count="193" type="cond" truecount="1" falsecount="0"/>
        <line num="92" count="116" type="stmt"/>
        <line num="94" count="193" type="cond" truecount="1" falsecount="0"/>
        <line num="95" count="34" type="stmt"/>
        <line num="97" count="193" type="stmt"/>
        <line num="101" count="190" type="stmt"/>
        <line num="102" count="190" type="stmt"/>
        <line num="105" count="190" type="cond" truecount="2" falsecount="0"/>
        <line num="106" count="77" type="stmt"/>
        <line num="108" count="113" type="stmt"/>
      </file>
      <file name="Parser.ts" path="C:\kimson\Kim_Coding\project\typoz\src\modules\Parser.ts">
        <metrics statements="37" coveredstatements="37" conditionals="8" coveredconditionals="8" methods="9" coveredmethods="9"/>
        <line num="1" count="2" type="stmt"/>
        <line num="2" count="2" type="stmt"/>
        <line num="4" count="2" type="stmt"/>
        <line num="8" count="9" type="stmt"/>
        <line num="9" count="9" type="stmt"/>
        <line num="14" count="93" type="stmt"/>
        <line num="17" count="34" type="stmt"/>
        <line num="26" count="13" type="stmt"/>
        <line num="27" count="13" type="stmt"/>
        <line num="28" count="128" type="cond" truecount="2" falsecount="0"/>
        <line num="29" count="97" type="stmt"/>
        <line num="30" count="97" type="stmt"/>
        <line num="32" count="31" type="stmt"/>
        <line num="33" count="31" type="stmt"/>
        <line num="36" count="13" type="stmt"/>
        <line num="44" count="1" type="stmt"/>
        <line num="45" count="1" type="stmt"/>
        <line num="46" count="8" type="cond" truecount="2" falsecount="0"/>
        <line num="47" count="5" type="stmt"/>
        <line num="48" count="5" type="stmt"/>
        <line num="50" count="3" type="stmt"/>
        <line num="51" count="3" type="stmt"/>
        <line num="54" count="1" type="stmt"/>
        <line num="58" count="9" type="stmt"/>
        <line num="59" count="101" type="stmt"/>
        <line num="60" count="101" type="cond" truecount="2" falsecount="0"/>
        <line num="61" count="77" type="stmt"/>
        <line num="62" count="186" type="stmt"/>
        <line num="63" count="186" type="stmt"/>
        <line num="64" count="186" type="stmt"/>
        <line num="67" count="24" type="stmt"/>
        <line num="69" count="101" type="stmt"/>
        <line num="79" count="10" type="cond" truecount="2" falsecount="0"/>
        <line num="80" count="9" type="stmt"/>
        <line num="81" count="9" type="stmt"/>
        <line num="82" count="9" type="stmt"/>
        <line num="84" count="1" type="stmt"/>
      </file>
      <file name="TypeBuilder.ts" path="C:\kimson\Kim_Coding\project\typoz\src\modules\TypeBuilder.ts">
        <metrics statements="121" coveredstatements="4" conditionals="30" coveredconditionals="0" methods="33" coveredmethods="0"/>
        <line num="1" count="2" type="stmt"/>
        <line num="9" count="2" type="stmt"/>
        <line num="14" count="2" type="stmt"/>
        <line num="16" count="0" type="stmt"/>
        <line num="18" count="2" type="stmt"/>
        <line num="23" count="0" type="stmt"/>
        <line num="27" count="0" type="stmt"/>
        <line num="28" count="0" type="stmt"/>
        <line num="29" count="0" type="stmt"/>
        <line num="31" count="0" type="stmt"/>
        <line num="34" count="0" type="stmt"/>
        <line num="38" count="0" type="stmt"/>
        <line num="39" count="0" type="stmt"/>
        <line num="40" count="0" type="stmt"/>
        <line num="46" count="0" type="stmt"/>
        <line num="47" count="0" type="stmt"/>
        <line num="48" count="0" type="stmt"/>
        <line num="49" count="0" type="stmt"/>
        <line num="50" count="0" type="stmt"/>
        <line num="51" count="0" type="stmt"/>
        <line num="52" count="0" type="stmt"/>
        <line num="56" count="0" type="cond" truecount="0" falsecount="1"/>
        <line num="58" count="0" type="stmt"/>
        <line num="59" count="0" type="stmt"/>
        <line num="60" count="0" type="stmt"/>
        <line num="61" count="0" type="stmt"/>
        <line num="62" count="0" type="stmt"/>
        <line num="63" count="0" type="stmt"/>
        <line num="64" count="0" type="stmt"/>
        <line num="65" count="0" type="stmt"/>
        <line num="69" count="0" type="stmt"/>
        <line num="73" count="0" type="cond" truecount="0" falsecount="1"/>
        <line num="77" count="0" type="stmt"/>
        <line num="81" count="0" type="stmt"/>
        <line num="82" count="0" type="stmt"/>
        <line num="84" count="0" type="stmt"/>
        <line num="88" count="0" type="stmt"/>
        <line num="89" count="0" type="stmt"/>
        <line num="94" count="0" type="stmt"/>
        <line num="95" count="0" type="stmt"/>
        <line num="96" count="0" type="stmt"/>
        <line num="101" count="0" type="stmt"/>
        <line num="102" count="0" type="stmt"/>
        <line num="106" count="0" type="stmt"/>
        <line num="107" count="0" type="stmt"/>
        <line num="108" count="0" type="stmt"/>
        <line num="110" count="0" type="stmt"/>
        <line num="114" count="0" type="stmt"/>
        <line num="115" count="0" type="stmt"/>
        <line num="116" count="0" type="stmt"/>
        <line num="117" count="0" type="stmt"/>
        <line num="118" count="0" type="stmt"/>
        <line num="120" count="0" type="stmt"/>
        <line num="124" count="0" type="stmt"/>
        <line num="125" count="0" type="cond" truecount="0" falsecount="2"/>
        <line num="126" count="0" type="stmt"/>
        <line num="127" count="0" type="stmt"/>
        <line num="128" count="0" type="stmt"/>
        <line num="129" count="0" type="stmt"/>
        <line num="130" count="0" type="cond" truecount="0" falsecount="2"/>
        <line num="131" count="0" type="stmt"/>
        <line num="132" count="0" type="stmt"/>
        <line num="136" count="0" type="stmt"/>
        <line num="137" count="0" type="stmt"/>
        <line num="142" count="0" type="stmt"/>
        <line num="143" count="0" type="stmt"/>
        <line num="144" count="0" type="stmt"/>
        <line num="145" count="0" type="stmt"/>
        <line num="151" count="0" type="stmt"/>
        <line num="152" count="0" type="stmt"/>
        <line num="153" count="0" type="stmt"/>
        <line num="154" count="0" type="stmt"/>
        <line num="159" count="0" type="stmt"/>
        <line num="162" count="0" type="stmt"/>
        <line num="166" count="0" type="stmt"/>
        <line num="167" count="0" type="stmt"/>
        <line num="168" count="0" type="stmt"/>
        <line num="169" count="0" type="stmt"/>
        <line num="170" count="0" type="stmt"/>
        <line num="171" count="0" type="stmt"/>
        <line num="176" count="0" type="stmt"/>
        <line num="180" count="0" type="stmt"/>
        <line num="181" count="0" type="stmt"/>
        <line num="182" count="0" type="stmt"/>
        <line num="183" count="0" type="stmt"/>
        <line num="184" count="0" type="stmt"/>
        <line num="185" count="0" type="stmt"/>
        <line num="191" count="0" type="cond" truecount="0" falsecount="2"/>
        <line num="195" count="0" type="stmt"/>
        <line num="199" count="0" type="stmt"/>
        <line num="200" count="0" type="stmt"/>
        <line num="201" count="0" type="stmt"/>
        <line num="202" count="0" type="stmt"/>
        <line num="203" count="0" type="stmt"/>
        <line num="204" count="0" type="stmt"/>
        <line num="205" count="0" type="stmt"/>
        <line num="210" count="0" type="stmt"/>
        <line num="214" count="0" type="stmt"/>
        <line num="218" count="0" type="stmt"/>
        <line num="219" count="0" type="stmt"/>
        <line num="224" count="0" type="stmt"/>
        <line num="225" count="0" type="stmt"/>
        <line num="227" count="0" type="stmt"/>
        <line num="228" count="0" type="cond" truecount="0" falsecount="2"/>
        <line num="229" count="0" type="stmt"/>
        <line num="230" count="0" type="stmt"/>
        <line num="231" count="0" type="stmt"/>
        <line num="233" count="0" type="stmt"/>
        <line num="234" count="0" type="stmt"/>
        <line num="235" count="0" type="stmt"/>
        <line num="236" count="0" type="stmt"/>
        <line num="237" count="0" type="stmt"/>
        <line num="239" count="0" type="stmt"/>
        <line num="241" count="0" type="cond" truecount="0" falsecount="1"/>
        <line num="242" count="0" type="stmt"/>
        <line num="244" count="0" type="stmt"/>
        <line num="248" count="0" type="stmt"/>
        <line num="251" count="0" type="stmt"/>
        <line num="266" count="0" type="stmt"/>
        <line num="267" count="0" type="stmt"/>
        <line num="268" count="0" type="stmt"/>
      </file>
    </package>
    <package name="utils">
      <metrics statements="42" coveredstatements="38" conditionals="34" coveredconditionals="18" methods="11" coveredmethods="11"/>
      <file name="feature.ts" path="C:\kimson\Kim_Coding\project\typoz\src\utils\feature.ts">
        <metrics statements="41" coveredstatements="37" conditionals="34" coveredconditionals="18" methods="11" coveredmethods="11"/>
        <line num="3" count="2" type="stmt"/>
        <line num="7" count="17" type="stmt"/>
        <line num="8" count="48" type="cond" truecount="2" falsecount="0"/>
        <line num="14" count="11" type="stmt"/>
        <line num="16" count="37" type="stmt"/>
        <line num="21" count="2" type="stmt"/>
        <line num="26" count="16" type="stmt"/>
        <line num="27" count="16" type="stmt"/>
        <line num="28" count="16" type="cond" truecount="0" falsecount="1"/>
        <line num="29" count="0" type="stmt"/>
        <line num="31" count="16" type="stmt"/>
        <line num="34" count="2" type="stmt"/>
        <line num="47" count="7" type="stmt"/>
        <line num="56" count="7" type="cond" truecount="1" falsecount="1"/>
        <line num="60" count="7" type="cond" truecount="1" falsecount="1"/>
        <line num="62" count="0" type="cond" truecount="0" falsecount="6"/>
        <line num="65" count="7" type="cond" truecount="6" falsecount="0"/>
        <line num="69" count="2" type="stmt"/>
        <line num="72" count="4" type="stmt"/>
        <line num="75" count="2" type="stmt"/>
        <line num="76" count="2" type="stmt"/>
        <line num="79" count="2" type="stmt"/>
        <line num="80" count="2" type="stmt"/>
        <line num="83" count="2" type="stmt"/>
        <line num="84" count="4" type="cond" truecount="1" falsecount="1"/>
        <line num="85" count="0" type="stmt"/>
        <line num="86" count="0" type="stmt"/>
        <line num="88" count="4" type="stmt"/>
        <line num="89" count="4" type="stmt"/>
        <line num="90" count="4" type="stmt"/>
        <line num="94" count="2" type="stmt"/>
        <line num="95" count="16" type="stmt"/>
        <line num="98" count="2" type="stmt"/>
        <line num="99" count="3" type="stmt"/>
        <line num="102" count="117" type="stmt"/>
        <line num="103" count="117" type="stmt"/>
        <line num="104" count="117" type="stmt"/>
        <line num="105" count="117" type="stmt"/>
        <line num="106" count="117" type="cond" truecount="2" falsecount="0"/>
        <line num="108" count="66" type="stmt"/>
        <line num="110" count="51" type="stmt"/>
      </file>
      <file name="global.instance.ts" path="C:\kimson\Kim_Coding\project\typoz\src\utils\global.instance.ts">
        <metrics statements="1" coveredstatements="1" conditionals="0" coveredconditionals="0" methods="0" coveredmethods="0"/>
        <line num="3" count="2" type="stmt"/>
      </file>
    </package>
  </project>
</coverage>
