{"C:\\kimson\\Kim_Coding\\project\\typoz\\src\\core\\Typoz.ts": {"path":"C:\\kimson\\Kim_Coding\\project\\typoz\\src\\core\\Typoz.ts","statementMap":{"0":{"start":{"line":5,"column":0},"end":{"line":5,"column":41}},"1":{"start":{"line":6,"column":0},"end":{"line":6,"column":38}},"2":{"start":{"line":7,"column":0},"end":{"line":7,"column":null}},"3":{"start":{"line":17,"column":0},"end":{"line":17,"column":48}},"4":{"start":{"line":18,"column":0},"end":{"line":18,"column":57}},"5":{"start":{"line":26,"column":44},"end":{"line":26,"column":58}},"6":{"start":{"line":48,"column":20},"end":{"line":48,"column":53}},"7":{"start":{"line":49,"column":4},"end":{"line":49,"column":40}},"8":{"start":{"line":50,"column":4},"end":{"line":50,"column":19}},"9":{"start":{"line":56,"column":26},"end":{"line":56,"column":28}},"10":{"start":{"line":57,"column":36},"end":{"line":57,"column":38}},"11":{"start":{"line":60,"column":4},"end":{"line":60,"column":31}},"12":{"start":{"line":67,"column":4},"end":{"line":67,"column":49}},"13":{"start":{"line":76,"column":4},"end":{"line":76,"column":49}},"14":{"start":{"line":77,"column":4},"end":{"line":77,"column":20}},"15":{"start":{"line":78,"column":4},"end":{"line":78,"column":23}},"16":{"start":{"line":80,"column":4},"end":{"line":82,"column":5}},"17":{"start":{"line":81,"column":6},"end":{"line":81,"column":25}},"18":{"start":{"line":83,"column":4},"end":{"line":85,"column":5}},"19":{"start":{"line":84,"column":6},"end":{"line":84,"column":24}},"20":{"start":{"line":87,"column":4},"end":{"line":87,"column":24}},"21":{"start":{"line":88,"column":4},"end":{"line":88,"column":31}},"22":{"start":{"line":89,"column":4},"end":{"line":91,"column":7}},"23":{"start":{"line":90,"column":6},"end":{"line":90,"column":24}},"24":{"start":{"line":103,"column":4},"end":{"line":103,"column":72}},"25":{"start":{"line":103,"column":23},"end":{"line":103,"column":72}},"26":{"start":{"line":104,"column":4},"end":{"line":106,"column":5}},"27":{"start":{"line":105,"column":6},"end":{"line":105,"column":20}},"28":{"start":{"line":115,"column":4},"end":{"line":115,"column":40}},"29":{"start":{"line":124,"column":31},"end":{"line":124,"column":33}},"30":{"start":{"line":125,"column":4},"end":{"line":127,"column":5}},"31":{"start":{"line":126,"column":6},"end":{"line":126,"column":40}},"32":{"start":{"line":128,"column":4},"end":{"line":128,"column":16}},"33":{"start":{"line":186,"column":28},"end":{"line":186,"column":67}},"34":{"start":{"line":187,"column":4},"end":{"line":203,"column":5}},"35":{"start":{"line":188,"column":23},"end":{"line":188,"column":47}},"36":{"start":{"line":189,"column":6},"end":{"line":194,"column":7}},"37":{"start":{"line":190,"column":8},"end":{"line":192,"column":9}},"38":{"start":{"line":191,"column":10},"end":{"line":191,"column":31}},"39":{"start":{"line":193,"column":8},"end":{"line":193,"column":46}},"40":{"start":{"line":195,"column":24},"end":{"line":195,"column":46}},"41":{"start":{"line":196,"column":26},"end":{"line":199,"column":null}},"42":{"start":{"line":202,"column":6},"end":{"line":202,"column":39}},"43":{"start":{"line":214,"column":4},"end":{"line":230,"column":5}},"44":{"start":{"line":215,"column":23},"end":{"line":215,"column":47}},"45":{"start":{"line":216,"column":6},"end":{"line":221,"column":7}},"46":{"start":{"line":217,"column":8},"end":{"line":219,"column":9}},"47":{"start":{"line":218,"column":10},"end":{"line":218,"column":31}},"48":{"start":{"line":220,"column":8},"end":{"line":220,"column":46}},"49":{"start":{"line":222,"column":24},"end":{"line":222,"column":46}},"50":{"start":{"line":223,"column":26},"end":{"line":226,"column":null}},"51":{"start":{"line":229,"column":6},"end":{"line":229,"column":39}},"52":{"start":{"line":238,"column":4},"end":{"line":273,"column":5}},"53":{"start":{"line":239,"column":6},"end":{"line":272,"column":8}},"54":{"start":{"line":241,"column":25},"end":{"line":241,"column":40}},"55":{"start":{"line":269,"column":10},"end":{"line":269,"column":21}},"56":{"start":{"line":274,"column":4},"end":{"line":274,"column":14}},"57":{"start":{"line":282,"column":26},"end":{"line":282,"column":47}},"58":{"start":{"line":283,"column":4},"end":{"line":298,"column":5}},"59":{"start":{"line":284,"column":28},"end":{"line":284,"column":52}},"60":{"start":{"line":285,"column":30},"end":{"line":285,"column":45}},"61":{"start":{"line":286,"column":6},"end":{"line":288,"column":7}},"62":{"start":{"line":287,"column":8},"end":{"line":287,"column":49}},"63":{"start":{"line":289,"column":26},"end":{"line":292,"column":null}},"64":{"start":{"line":295,"column":6},"end":{"line":297,"column":7}},"65":{"start":{"line":296,"column":8},"end":{"line":296,"column":41}},"66":{"start":{"line":311,"column":17},"end":{"line":311,"column":67}},"67":{"start":{"line":313,"column":4},"end":{"line":313,"column":55}},"68":{"start":{"line":315,"column":4},"end":{"line":315,"column":25}},"69":{"start":{"line":316,"column":4},"end":{"line":316,"column":32}},"70":{"start":{"line":317,"column":4},"end":{"line":317,"column":23}},"71":{"start":{"line":319,"column":4},"end":{"line":322,"column":5}},"72":{"start":{"line":320,"column":6},"end":{"line":320,"column":42}},"73":{"start":{"line":321,"column":6},"end":{"line":321,"column":19}},"74":{"start":{"line":324,"column":4},"end":{"line":324,"column":33}},"75":{"start":{"line":20,"column":0},"end":{"line":20,"column":13}}},"fnMap":{"0":{"name":"(anonymous_1)","decl":{"start":{"line":47,"column":2},"end":{"line":47,"column":6}},"loc":{"start":{"line":47,"column":6},"end":{"line":51,"column":3}}},"1":{"name":"(anonymous_2)","decl":{"start":{"line":59,"column":2},"end":{"line":59,"column":null}},"loc":{"start":{"line":59,"column":2},"end":{"line":61,"column":3}}},"2":{"name":"(anonymous_3)","decl":{"start":{"line":66,"column":2},"end":{"line":66,"column":12}},"loc":{"start":{"line":66,"column":12},"end":{"line":69,"column":3}}},"3":{"name":"(anonymous_4)","decl":{"start":{"line":75,"column":2},"end":{"line":75,"column":9}},"loc":{"start":{"line":75,"column":9},"end":{"line":92,"column":3}}},"4":{"name":"(anonymous_5)","decl":{"start":{"line":89,"column":61},"end":{"line":89,"column":62}},"loc":{"start":{"line":89,"column":71},"end":{"line":91,"column":5}}},"5":{"name":"(anonymous_6)","decl":{"start":{"line":100,"column":2},"end":{"line":100,"column":14}},"loc":{"start":{"line":101,"column":61},"end":{"line":107,"column":3}}},"6":{"name":"(anonymous_7)","decl":{"start":{"line":114,"column":2},"end":{"line":114,"column":9}},"loc":{"start":{"line":114,"column":27},"end":{"line":116,"column":3}}},"7":{"name":"(anonymous_8)","decl":{"start":{"line":123,"column":2},"end":{"line":123,"column":13}},"loc":{"start":{"line":123,"column":33},"end":{"line":129,"column":3}}},"8":{"name":"(anonymous_9)","decl":{"start":{"line":142,"column":2},"end":{"line":142,"column":8}},"loc":{"start":{"line":142,"column":22},"end":{"line":154,"column":3}}},"9":{"name":"(anonymous_10)","decl":{"start":{"line":167,"column":2},"end":{"line":167,"column":7}},"loc":{"start":{"line":167,"column":21},"end":{"line":179,"column":3}}},"10":{"name":"(anonymous_11)","decl":{"start":{"line":185,"column":10},"end":{"line":185,"column":23}},"loc":{"start":{"line":185,"column":23},"end":{"line":204,"column":3}}},"11":{"name":"(anonymous_12)","decl":{"start":{"line":211,"column":10},"end":{"line":211,"column":22}},"loc":{"start":{"line":212,"column":63},"end":{"line":231,"column":3}}},"12":{"name":"(anonymous_13)","decl":{"start":{"line":237,"column":10},"end":{"line":237,"column":24}},"loc":{"start":{"line":237,"column":24},"end":{"line":275,"column":3}}},"13":{"name":"(anonymous_14)","decl":{"start":{"line":240,"column":8},"end":{"line":240,"column":9}},"loc":{"start":{"line":240,"column":43},"end":{"line":270,"column":9}}},"14":{"name":"(anonymous_15)","decl":{"start":{"line":281,"column":10},"end":{"line":281,"column":21}},"loc":{"start":{"line":281,"column":21},"end":{"line":299,"column":3}}},"15":{"name":"(anonymous_16)","decl":{"start":{"line":310,"column":2},"end":{"line":310,"column":8}},"loc":{"start":{"line":310,"column":69},"end":{"line":325,"column":3}}}},"branchMap":{"0":{"loc":{"start":{"line":101,"column":4},"end":{"line":101,"column":61}},"type":"default-arg","locations":[{"start":{"line":101,"column":47},"end":{"line":101,"column":61}}]},"1":{"loc":{"start":{"line":103,"column":4},"end":{"line":103,"column":72}},"type":"if","locations":[{"start":{"line":103,"column":4},"end":{"line":103,"column":72}}]},"2":{"loc":{"start":{"line":104,"column":4},"end":{"line":106,"column":5}},"type":"if","locations":[{"start":{"line":104,"column":4},"end":{"line":106,"column":5}}]},"3":{"loc":{"start":{"line":189,"column":6},"end":{"line":194,"column":7}},"type":"if","locations":[{"start":{"line":189,"column":6},"end":{"line":194,"column":7}}]},"4":{"loc":{"start":{"line":190,"column":8},"end":{"line":192,"column":9}},"type":"if","locations":[{"start":{"line":190,"column":8},"end":{"line":192,"column":9}}]},"5":{"loc":{"start":{"line":198,"column":8},"end":{"line":198,"column":70}},"type":"binary-expr","locations":[{"start":{"line":198,"column":8},"end":{"line":198,"column":27}},{"start":{"line":198,"column":31},"end":{"line":198,"column":70}}]},"6":{"loc":{"start":{"line":216,"column":6},"end":{"line":221,"column":7}},"type":"if","locations":[{"start":{"line":216,"column":6},"end":{"line":221,"column":7}}]},"7":{"loc":{"start":{"line":217,"column":8},"end":{"line":219,"column":9}},"type":"if","locations":[{"start":{"line":217,"column":8},"end":{"line":219,"column":9}}]},"8":{"loc":{"start":{"line":225,"column":8},"end":{"line":225,"column":70}},"type":"binary-expr","locations":[{"start":{"line":225,"column":8},"end":{"line":225,"column":27}},{"start":{"line":225,"column":31},"end":{"line":225,"column":70}}]},"9":{"loc":{"start":{"line":238,"column":4},"end":{"line":273,"column":5}},"type":"if","locations":[{"start":{"line":238,"column":4},"end":{"line":273,"column":5}}]},"10":{"loc":{"start":{"line":286,"column":6},"end":{"line":288,"column":7}},"type":"if","locations":[{"start":{"line":286,"column":6},"end":{"line":288,"column":7}}]},"11":{"loc":{"start":{"line":291,"column":8},"end":{"line":291,"column":77}},"type":"binary-expr","locations":[{"start":{"line":291,"column":8},"end":{"line":291,"column":27}},{"start":{"line":291,"column":31},"end":{"line":291,"column":77}}]},"12":{"loc":{"start":{"line":295,"column":6},"end":{"line":297,"column":7}},"type":"if","locations":[{"start":{"line":295,"column":6},"end":{"line":297,"column":7}}]}},"s":{"0":2,"1":2,"2":2,"3":2,"4":2,"5":2,"6":0,"7":0,"8":0,"9":2,"10":2,"11":2,"12":11,"13":5,"14":5,"15":5,"16":5,"17":3,"18":5,"19":0,"20":5,"21":5,"22":5,"23":3,"24":4,"25":4,"26":4,"27":4,"28":7,"29":2,"30":2,"31":6,"32":2,"33":4,"34":4,"35":1,"36":1,"37":1,"38":1,"39":1,"40":1,"41":1,"42":1,"43":4,"44":0,"45":0,"46":0,"47":0,"48":0,"49":0,"50":0,"51":0,"52":4,"53":2,"54":2,"55":2,"56":2,"57":4,"58":4,"59":2,"60":2,"61":2,"62":2,"63":2,"64":2,"65":2,"66":4,"67":4,"68":4,"69":4,"70":4,"71":4,"72":3,"73":3,"74":4,"75":2},"f":{"0":0,"1":2,"2":11,"3":5,"4":3,"5":4,"6":7,"7":2,"8":0,"9":0,"10":4,"11":4,"12":4,"13":2,"14":4,"15":4},"b":{"0":[1],"1":[4],"2":[4],"3":[1],"4":[1],"5":[1,1],"6":[0],"7":[0],"8":[0,0],"9":[2],"10":[2],"11":[2,0],"12":[2]}}
,"C:\\kimson\\Kim_Coding\\project\\typoz\\src\\models\\TypeNode.ts": {"path":"C:\\kimson\\Kim_Coding\\project\\typoz\\src\\models\\TypeNode.ts","statementMap":{"0":{"start":{"line":1,"column":0},"end":{"line":1,"column":71}},"1":{"start":{"line":9,"column":22},"end":{"line":9,"column":23}},"2":{"start":{"line":15,"column":29},"end":{"line":15,"column":31}},"3":{"start":{"line":25,"column":23},"end":{"line":25,"column":28}},"4":{"start":{"line":33,"column":26},"end":{"line":33,"column":27}},"5":{"start":{"line":39,"column":26},"end":{"line":39,"column":31}},"6":{"start":{"line":52,"column":4},"end":{"line":52,"column":28}},"7":{"start":{"line":53,"column":4},"end":{"line":53,"column":22}},"8":{"start":{"line":54,"column":4},"end":{"line":54,"column":29}},"9":{"start":{"line":55,"column":4},"end":{"line":55,"column":25}},"10":{"start":{"line":56,"column":4},"end":{"line":58,"column":6}},"11":{"start":{"line":57,"column":13},"end":{"line":57,"column":71}},"12":{"start":{"line":60,"column":4},"end":{"line":60,"column":17}},"13":{"start":{"line":73,"column":4},"end":{"line":73,"column":64}},"14":{"start":{"line":81,"column":4},"end":{"line":81,"column":35}},"15":{"start":{"line":82,"column":4},"end":{"line":82,"column":31}},"16":{"start":{"line":83,"column":4},"end":{"line":83,"column":32}},"17":{"start":{"line":84,"column":4},"end":{"line":84,"column":56}},"18":{"start":{"line":85,"column":4},"end":{"line":85,"column":55}},"19":{"start":{"line":86,"column":4},"end":{"line":86,"column":53}},"20":{"start":{"line":88,"column":4},"end":{"line":88,"column":75}},"21":{"start":{"line":97,"column":4},"end":{"line":105,"column":5}},"22":{"start":{"line":98,"column":22},"end":{"line":99,"column":null}},"23":{"start":{"line":101,"column":6},"end":{"line":101,"column":21}},"24":{"start":{"line":103,"column":6},"end":{"line":103,"column":80}},"25":{"start":{"line":104,"column":6},"end":{"line":104,"column":16}},"26":{"start":{"line":137,"column":4},"end":{"line":137,"column":17}},"27":{"start":{"line":138,"column":4},"end":{"line":138,"column":17}},"28":{"start":{"line":139,"column":4},"end":{"line":139,"column":53}},"29":{"start":{"line":140,"column":4},"end":{"line":140,"column":35}},"30":{"start":{"line":141,"column":4},"end":{"line":141,"column":39}},"31":{"start":{"line":142,"column":4},"end":{"line":142,"column":25}},"32":{"start":{"line":4,"column":0},"end":{"line":4,"column":21}}},"fnMap":{"0":{"name":"(anonymous_0)","decl":{"start":{"line":46,"column":2},"end":{"line":46,"column":null}},"loc":{"start":{"line":50,"column":25},"end":{"line":61,"column":3}}},"1":{"name":"(anonymous_1)","decl":{"start":{"line":57,"column":6},"end":{"line":57,"column":7}},"loc":{"start":{"line":57,"column":13},"end":{"line":57,"column":71}}},"2":{"name":"(anonymous_2)","decl":{"start":{"line":72,"column":2},"end":{"line":72,"column":9}},"loc":{"start":{"line":72,"column":9},"end":{"line":74,"column":3}}},"3":{"name":"(anonymous_3)","decl":{"start":{"line":80,"column":10},"end":{"line":80,"column":15}},"loc":{"start":{"line":80,"column":15},"end":{"line":89,"column":3}}},"4":{"name":"(anonymous_4)","decl":{"start":{"line":96,"column":10},"end":{"line":96,"column":21}},"loc":{"start":{"line":96,"column":21},"end":{"line":106,"column":3}}},"5":{"name":"(anonymous_5)","decl":{"start":{"line":136,"column":2},"end":{"line":136,"column":9}},"loc":{"start":{"line":136,"column":9},"end":{"line":143,"column":3}}},"6":{"name":"(anonymous_6)","decl":{"start":{"line":187,"column":10},"end":{"line":187,"column":27}},"loc":{"start":{"line":187,"column":50},"end":{"line":219,"column":3}}},"7":{"name":"(anonymous_7)","decl":{"start":{"line":227,"column":10},"end":{"line":227,"column":27}},"loc":{"start":{"line":227,"column":50},"end":{"line":252,"column":3}}},"8":{"name":"(anonymous_8)","decl":{"start":{"line":259,"column":10},"end":{"line":259,"column":21}},"loc":{"start":{"line":259,"column":44},"end":{"line":285,"column":3}}},"9":{"name":"(anonymous_9)","decl":{"start":{"line":293,"column":10},"end":{"line":293,"column":21}},"loc":{"start":{"line":293,"column":44},"end":{"line":318,"column":3}}}},"branchMap":{"0":{"loc":{"start":{"line":57,"column":13},"end":{"line":57,"column":71}},"type":"binary-expr","locations":[{"start":{"line":57,"column":13},"end":{"line":57,"column":14}},{"start":{"line":57,"column":18},"end":{"line":57,"column":30}},{"start":{"line":57,"column":34},"end":{"line":57,"column":49}},{"start":{"line":57,"column":53},"end":{"line":57,"column":71}}]},"1":{"loc":{"start":{"line":73,"column":17},"end":{"line":73,"column":63}},"type":"binary-expr","locations":[{"start":{"line":73,"column":17},"end":{"line":73,"column":58}},{"start":{"line":73,"column":62},"end":{"line":73,"column":63}}]}},"s":{"0":2,"1":2,"2":3,"3":3,"4":3,"5":3,"6":3,"7":3,"8":3,"9":3,"10":3,"11":7,"12":3,"13":3,"14":3,"15":3,"16":3,"17":3,"18":3,"19":3,"20":3,"21":3,"22":3,"23":3,"24":0,"25":0,"26":3,"27":3,"28":3,"29":3,"30":3,"31":3,"32":2},"f":{"0":3,"1":7,"2":3,"3":3,"4":3,"5":3,"6":0,"7":3,"8":0,"9":0},"b":{"0":[7,7,7,7],"1":[3,1]}}
,"C:\\kimson\\Kim_Coding\\project\\typoz\\src\\modules\\BaseParser.ts": {"path":"C:\\kimson\\Kim_Coding\\project\\typoz\\src\\modules\\BaseParser.ts","statementMap":{"0":{"start":{"line":3,"column":0},"end":{"line":3,"column":30}}},"fnMap":{},"branchMap":{},"s":{"0":2},"f":{},"b":{}}
,"C:\\kimson\\Kim_Coding\\project\\typoz\\src\\modules\\KoreanParser.ts": {"path":"C:\\kimson\\Kim_Coding\\project\\typoz\\src\\modules\\KoreanParser.ts","statementMap":{"0":{"start":{"line":3,"column":37},"end":{"line":3,"column":114}},"1":{"start":{"line":5,"column":39},"end":{"line":5,"column":124}},"2":{"start":{"line":7,"column":36},"end":{"line":7,"column":148}},"3":{"start":{"line":9,"column":47},"end":{"line":9,"column":52}},"4":{"start":{"line":10,"column":43},"end":{"line":10,"column":48}},"5":{"start":{"line":11,"column":47},"end":{"line":11,"column":52}},"6":{"start":{"line":14,"column":4},"end":{"line":14,"column":42}},"7":{"start":{"line":18,"column":4},"end":{"line":18,"column":75}},"8":{"start":{"line":18,"column":30},"end":{"line":18,"column":75}},"9":{"start":{"line":19,"column":4},"end":{"line":19,"column":55}},"10":{"start":{"line":24,"column":4},"end":{"line":24,"column":77}},"11":{"start":{"line":27,"column":4},"end":{"line":29,"column":6}},"12":{"start":{"line":32,"column":4},"end":{"line":32,"column":72}},"13":{"start":{"line":37,"column":4},"end":{"line":37,"column":45}},"14":{"start":{"line":40,"column":4},"end":{"line":40,"column":49}},"15":{"start":{"line":43,"column":4},"end":{"line":43,"column":43}},"16":{"start":{"line":48,"column":4},"end":{"line":48,"column":45}},"17":{"start":{"line":53,"column":4},"end":{"line":53,"column":62}},"18":{"start":{"line":53,"column":59},"end":{"line":53,"column":60}},"19":{"start":{"line":56,"column":18},"end":{"line":56,"column":37}},"20":{"start":{"line":57,"column":20},"end":{"line":57,"column":41}},"21":{"start":{"line":58,"column":17},"end":{"line":58,"column":35}},"22":{"start":{"line":59,"column":4},"end":{"line":59,"column":34}},"23":{"start":{"line":64,"column":4},"end":{"line":64,"column":38}},"24":{"start":{"line":67,"column":4},"end":{"line":67,"column":40}},"25":{"start":{"line":70,"column":4},"end":{"line":70,"column":37}},"26":{"start":{"line":74,"column":18},"end":{"line":74,"column":44}},"27":{"start":{"line":75,"column":4},"end":{"line":75,"column":41}},"28":{"start":{"line":78,"column":18},"end":{"line":78,"column":46}},"29":{"start":{"line":79,"column":4},"end":{"line":79,"column":60}},"30":{"start":{"line":82,"column":18},"end":{"line":82,"column":43}},"31":{"start":{"line":83,"column":4},"end":{"line":83,"column":36}},"32":{"start":{"line":87,"column":14},"end":{"line":87,"column":15}},"33":{"start":{"line":88,"column":4},"end":{"line":90,"column":5}},"34":{"start":{"line":89,"column":6},"end":{"line":89,"column":43}},"35":{"start":{"line":91,"column":4},"end":{"line":93,"column":5}},"36":{"start":{"line":92,"column":6},"end":{"line":92,"column":45}},"37":{"start":{"line":94,"column":4},"end":{"line":96,"column":5}},"38":{"start":{"line":95,"column":6},"end":{"line":95,"column":42}},"39":{"start":{"line":97,"column":4},"end":{"line":97,"column":40}},"40":{"start":{"line":101,"column":17},"end":{"line":101,"column":42}},"41":{"start":{"line":102,"column":17},"end":{"line":102,"column":42}},"42":{"start":{"line":105,"column":4},"end":{"line":109,"column":5}},"43":{"start":{"line":106,"column":6},"end":{"line":106,"column":24}},"44":{"start":{"line":108,"column":6},"end":{"line":108,"column":18}},"45":{"start":{"line":1,"column":0},"end":{"line":1,"column":21}}},"fnMap":{"0":{"name":"(anonymous_0)","decl":{"start":{"line":17,"column":2},"end":{"line":17,"column":20}},"loc":{"start":{"line":17,"column":33},"end":{"line":20,"column":3}}},"1":{"name":"(anonymous_1)","decl":{"start":{"line":23,"column":2},"end":{"line":23,"column":12}},"loc":{"start":{"line":23,"column":25},"end":{"line":25,"column":3}}},"2":{"name":"(anonymous_2)","decl":{"start":{"line":26,"column":2},"end":{"line":26,"column":14}},"loc":{"start":{"line":26,"column":27},"end":{"line":30,"column":3}}},"3":{"name":"(anonymous_3)","decl":{"start":{"line":31,"column":2},"end":{"line":31,"column":11}},"loc":{"start":{"line":31,"column":24},"end":{"line":33,"column":3}}},"4":{"name":"(anonymous_4)","decl":{"start":{"line":36,"column":2},"end":{"line":36,"column":10}},"loc":{"start":{"line":36,"column":23},"end":{"line":38,"column":3}}},"5":{"name":"(anonymous_5)","decl":{"start":{"line":39,"column":2},"end":{"line":39,"column":12}},"loc":{"start":{"line":39,"column":25},"end":{"line":41,"column":3}}},"6":{"name":"(anonymous_6)","decl":{"start":{"line":42,"column":2},"end":{"line":42,"column":9}},"loc":{"start":{"line":42,"column":22},"end":{"line":44,"column":3}}},"7":{"name":"(anonymous_7)","decl":{"start":{"line":47,"column":2},"end":{"line":47,"column":10}},"loc":{"start":{"line":47,"column":23},"end":{"line":49,"column":3}}},"8":{"name":"(anonymous_8)","decl":{"start":{"line":52,"column":2},"end":{"line":52,"column":15}},"loc":{"start":{"line":52,"column":28},"end":{"line":54,"column":3}}},"9":{"name":"(anonymous_9)","decl":{"start":{"line":53,"column":52},"end":{"line":53,"column":53}},"loc":{"start":{"line":53,"column":59},"end":{"line":53,"column":60}}},"10":{"name":"(anonymous_10)","decl":{"start":{"line":55,"column":2},"end":{"line":55,"column":24}},"loc":{"start":{"line":55,"column":37},"end":{"line":60,"column":3}}},"11":{"name":"(anonymous_11)","decl":{"start":{"line":63,"column":2},"end":{"line":63,"column":15}},"loc":{"start":{"line":63,"column":30},"end":{"line":65,"column":3}}},"12":{"name":"(anonymous_12)","decl":{"start":{"line":66,"column":2},"end":{"line":66,"column":17}},"loc":{"start":{"line":66,"column":32},"end":{"line":68,"column":3}}},"13":{"name":"(anonymous_13)","decl":{"start":{"line":69,"column":2},"end":{"line":69,"column":14}},"loc":{"start":{"line":69,"column":29},"end":{"line":71,"column":3}}},"14":{"name":"(anonymous_14)","decl":{"start":{"line":73,"column":2},"end":{"line":73,"column":14}},"loc":{"start":{"line":73,"column":29},"end":{"line":76,"column":3}}},"15":{"name":"(anonymous_15)","decl":{"start":{"line":77,"column":2},"end":{"line":77,"column":16}},"loc":{"start":{"line":77,"column":31},"end":{"line":80,"column":3}}},"16":{"name":"(anonymous_16)","decl":{"start":{"line":81,"column":2},"end":{"line":81,"column":13}},"loc":{"start":{"line":81,"column":28},"end":{"line":84,"column":3}}},"17":{"name":"(anonymous_17)","decl":{"start":{"line":86,"column":2},"end":{"line":86,"column":13}},"loc":{"start":{"line":86,"column":31},"end":{"line":98,"column":3}}},"18":{"name":"(anonymous_18)","decl":{"start":{"line":100,"column":2},"end":{"line":100,"column":15}},"loc":{"start":{"line":100,"column":33},"end":{"line":110,"column":3}}}},"branchMap":{"0":{"loc":{"start":{"line":18,"column":4},"end":{"line":18,"column":75}},"type":"if","locations":[{"start":{"line":18,"column":4},"end":{"line":18,"column":75}}]},"1":{"loc":{"start":{"line":88,"column":4},"end":{"line":90,"column":5}},"type":"if","locations":[{"start":{"line":88,"column":4},"end":{"line":90,"column":5}}]},"2":{"loc":{"start":{"line":91,"column":4},"end":{"line":93,"column":5}},"type":"if","locations":[{"start":{"line":91,"column":4},"end":{"line":93,"column":5}}]},"3":{"loc":{"start":{"line":94,"column":4},"end":{"line":96,"column":5}},"type":"if","locations":[{"start":{"line":94,"column":4},"end":{"line":96,"column":5}}]},"4":{"loc":{"start":{"line":105,"column":4},"end":{"line":109,"column":5}},"type":"if","locations":[{"start":{"line":105,"column":4},"end":{"line":109,"column":5}},{"start":{"line":107,"column":11},"end":{"line":109,"column":5}}]}},"s":{"0":18,"1":18,"2":18,"3":18,"4":18,"5":18,"6":18,"7":332,"8":1,"9":331,"10":110,"11":113,"12":109,"13":109,"14":109,"15":106,"16":573,"17":99,"18":294,"19":105,"20":104,"21":104,"22":104,"23":193,"24":116,"25":34,"26":193,"27":193,"28":116,"29":116,"30":34,"31":34,"32":193,"33":193,"34":193,"35":193,"36":116,"37":193,"38":34,"39":193,"40":190,"41":190,"42":190,"43":77,"44":113,"45":2},"f":{"0":332,"1":110,"2":113,"3":109,"4":109,"5":109,"6":106,"7":573,"8":99,"9":294,"10":105,"11":193,"12":116,"13":34,"14":193,"15":116,"16":34,"17":193,"18":190},"b":{"0":[1],"1":[193],"2":[116],"3":[34],"4":[77,113]}}
,"C:\\kimson\\Kim_Coding\\project\\typoz\\src\\modules\\Parser.ts": {"path":"C:\\kimson\\Kim_Coding\\project\\typoz\\src\\modules\\Parser.ts","statementMap":{"0":{"start":{"line":1,"column":0},"end":{"line":1,"column":38}},"1":{"start":{"line":2,"column":0},"end":{"line":2,"column":42}},"2":{"start":{"line":8,"column":4},"end":{"line":8,"column":12}},"3":{"start":{"line":9,"column":4},"end":{"line":9,"column":43}},"4":{"start":{"line":14,"column":4},"end":{"line":14,"column":62}},"5":{"start":{"line":14,"column":59},"end":{"line":14,"column":60}},"6":{"start":{"line":17,"column":4},"end":{"line":17,"column":26}},"7":{"start":{"line":26,"column":29},"end":{"line":26,"column":31}},"8":{"start":{"line":27,"column":4},"end":{"line":35,"column":5}},"9":{"start":{"line":28,"column":6},"end":{"line":34,"column":7}},"10":{"start":{"line":29,"column":25},"end":{"line":29,"column":62}},"11":{"start":{"line":30,"column":8},"end":{"line":30,"column":28}},"12":{"start":{"line":32,"column":25},"end":{"line":32,"column":49}},"13":{"start":{"line":33,"column":8},"end":{"line":33,"column":28}},"14":{"start":{"line":36,"column":4},"end":{"line":36,"column":16}},"15":{"start":{"line":44,"column":29},"end":{"line":44,"column":31}},"16":{"start":{"line":45,"column":4},"end":{"line":53,"column":5}},"17":{"start":{"line":46,"column":6},"end":{"line":52,"column":7}},"18":{"start":{"line":47,"column":25},"end":{"line":47,"column":71}},"19":{"start":{"line":48,"column":8},"end":{"line":48,"column":28}},"20":{"start":{"line":50,"column":25},"end":{"line":50,"column":58}},"21":{"start":{"line":51,"column":8},"end":{"line":51,"column":28}},"22":{"start":{"line":54,"column":4},"end":{"line":54,"column":16}},"23":{"start":{"line":58,"column":4},"end":{"line":70,"column":7}},"24":{"start":{"line":59,"column":19},"end":{"line":59,"column":21}},"25":{"start":{"line":60,"column":6},"end":{"line":68,"column":7}},"26":{"start":{"line":61,"column":8},"end":{"line":65,"column":9}},"27":{"start":{"line":61,"column":21},"end":{"line":61,"column":22}},"28":{"start":{"line":62,"column":26},"end":{"line":62,"column":43}},"29":{"start":{"line":63,"column":32},"end":{"line":63,"column":72}},"30":{"start":{"line":64,"column":10},"end":{"line":64,"column":35}},"31":{"start":{"line":67,"column":8},"end":{"line":67,"column":28}},"32":{"start":{"line":69,"column":6},"end":{"line":69,"column":18}},"33":{"start":{"line":79,"column":4},"end":{"line":85,"column":5}},"34":{"start":{"line":80,"column":31},"end":{"line":80,"column":58}},"35":{"start":{"line":81,"column":28},"end":{"line":81,"column":64}},"36":{"start":{"line":82,"column":6},"end":{"line":82,"column":27}},"37":{"start":{"line":84,"column":6},"end":{"line":84,"column":16}},"38":{"start":{"line":4,"column":0},"end":{"line":4,"column":21}}},"fnMap":{"0":{"name":"(anonymous_1)","decl":{"start":{"line":7,"column":2},"end":{"line":7,"column":null}},"loc":{"start":{"line":7,"column":2},"end":{"line":10,"column":3}}},"1":{"name":"(anonymous_2)","decl":{"start":{"line":13,"column":12},"end":{"line":13,"column":25}},"loc":{"start":{"line":13,"column":38},"end":{"line":15,"column":3}}},"2":{"name":"(anonymous_3)","decl":{"start":{"line":14,"column":52},"end":{"line":14,"column":53}},"loc":{"start":{"line":14,"column":59},"end":{"line":14,"column":60}}},"3":{"name":"(anonymous_4)","decl":{"start":{"line":16,"column":12},"end":{"line":16,"column":34}},"loc":{"start":{"line":16,"column":47},"end":{"line":18,"column":3}}},"4":{"name":"(anonymous_5)","decl":{"start":{"line":25,"column":2},"end":{"line":25,"column":14}},"loc":{"start":{"line":25,"column":31},"end":{"line":37,"column":3}}},"5":{"name":"(anonymous_6)","decl":{"start":{"line":43,"column":2},"end":{"line":43,"column":23}},"loc":{"start":{"line":43,"column":40},"end":{"line":55,"column":3}}},"6":{"name":"(anonymous_7)","decl":{"start":{"line":57,"column":2},"end":{"line":57,"column":15}},"loc":{"start":{"line":57,"column":44},"end":{"line":71,"column":3}}},"7":{"name":"(anonymous_8)","decl":{"start":{"line":58,"column":32},"end":{"line":58,"column":33}},"loc":{"start":{"line":58,"column":42},"end":{"line":70,"column":5}}},"8":{"name":"(anonymous_9)","decl":{"start":{"line":78,"column":2},"end":{"line":78,"column":7}},"loc":{"start":{"line":78,"column":24},"end":{"line":86,"column":3}}}},"branchMap":{"0":{"loc":{"start":{"line":28,"column":6},"end":{"line":34,"column":7}},"type":"if","locations":[{"start":{"line":28,"column":6},"end":{"line":34,"column":7}},{"start":{"line":31,"column":13},"end":{"line":34,"column":7}}]},"1":{"loc":{"start":{"line":46,"column":6},"end":{"line":52,"column":7}},"type":"if","locations":[{"start":{"line":46,"column":6},"end":{"line":52,"column":7}},{"start":{"line":49,"column":13},"end":{"line":52,"column":7}}]},"2":{"loc":{"start":{"line":60,"column":6},"end":{"line":68,"column":7}},"type":"if","locations":[{"start":{"line":60,"column":6},"end":{"line":68,"column":7}},{"start":{"line":66,"column":13},"end":{"line":68,"column":7}}]},"3":{"loc":{"start":{"line":79,"column":4},"end":{"line":85,"column":5}},"type":"if","locations":[{"start":{"line":79,"column":4},"end":{"line":85,"column":5}},{"start":{"line":83,"column":11},"end":{"line":85,"column":5}}]}},"s":{"0":2,"1":2,"2":9,"3":9,"4":31,"5":93,"6":34,"7":13,"8":13,"9":128,"10":97,"11":97,"12":31,"13":31,"14":13,"15":1,"16":1,"17":8,"18":5,"19":5,"20":3,"21":3,"22":1,"23":9,"24":101,"25":101,"26":77,"27":77,"28":186,"29":186,"30":186,"31":24,"32":101,"33":10,"34":9,"35":9,"36":9,"37":1,"38":2},"f":{"0":9,"1":31,"2":93,"3":34,"4":13,"5":1,"6":9,"7":101,"8":10},"b":{"0":[97,31],"1":[5,3],"2":[77,24],"3":[9,1]}}
,"C:\\kimson\\Kim_Coding\\project\\typoz\\src\\modules\\TypeBuilder.ts": {"path":"C:\\kimson\\Kim_Coding\\project\\typoz\\src\\modules\\TypeBuilder.ts","statementMap":{"0":{"start":{"line":1,"column":0},"end":{"line":1,"column":null}},"1":{"start":{"line":9,"column":0},"end":{"line":9,"column":57}},"2":{"start":{"line":27,"column":4},"end":{"line":27,"column":35}},"3":{"start":{"line":33,"column":22},"end":{"line":33,"column":23}},"4":{"start":{"line":45,"column":30},"end":{"line":45,"column":44}},"5":{"start":{"line":57,"column":22},"end":{"line":57,"column":24}},"6":{"start":{"line":59,"column":20},"end":{"line":59,"column":21}},"7":{"start":{"line":61,"column":22},"end":{"line":61,"column":24}},"8":{"start":{"line":67,"column":18},"end":{"line":67,"column":23}},"9":{"start":{"line":70,"column":4},"end":{"line":70,"column":25}},"10":{"start":{"line":80,"column":4},"end":{"line":84,"column":7}},"11":{"start":{"line":81,"column":6},"end":{"line":83,"column":15}},"12":{"start":{"line":82,"column":8},"end":{"line":82,"column":22}},"13":{"start":{"line":96,"column":20},"end":{"line":96,"column":35}},"14":{"start":{"line":97,"column":4},"end":{"line":97,"column":24}},"15":{"start":{"line":98,"column":4},"end":{"line":98,"column":29}},"16":{"start":{"line":99,"column":4},"end":{"line":99,"column":28}},"17":{"start":{"line":100,"column":4},"end":{"line":100,"column":43}},"18":{"start":{"line":101,"column":4},"end":{"line":101,"column":29}},"19":{"start":{"line":102,"column":4},"end":{"line":102,"column":16}},"20":{"start":{"line":123,"column":4},"end":{"line":123,"column":59}},"21":{"start":{"line":123,"column":16},"end":{"line":123,"column":59}},"22":{"start":{"line":125,"column":18},"end":{"line":125,"column":76}},"23":{"start":{"line":126,"column":4},"end":{"line":126,"column":32}},"24":{"start":{"line":127,"column":4},"end":{"line":127,"column":70}},"25":{"start":{"line":128,"column":4},"end":{"line":128,"column":69}},"26":{"start":{"line":129,"column":4},"end":{"line":129,"column":57}},"27":{"start":{"line":130,"column":4},"end":{"line":130,"column":54}},"28":{"start":{"line":131,"column":4},"end":{"line":131,"column":33}},"29":{"start":{"line":132,"column":4},"end":{"line":132,"column":16}},"30":{"start":{"line":149,"column":4},"end":{"line":149,"column":59}},"31":{"start":{"line":149,"column":16},"end":{"line":149,"column":59}},"32":{"start":{"line":151,"column":18},"end":{"line":151,"column":76}},"33":{"start":{"line":152,"column":4},"end":{"line":152,"column":32}},"34":{"start":{"line":153,"column":4},"end":{"line":153,"column":70}},"35":{"start":{"line":154,"column":4},"end":{"line":154,"column":69}},"36":{"start":{"line":155,"column":4},"end":{"line":155,"column":57}},"37":{"start":{"line":156,"column":4},"end":{"line":156,"column":54}},"38":{"start":{"line":157,"column":4},"end":{"line":157,"column":33}},"39":{"start":{"line":158,"column":4},"end":{"line":158,"column":16}},"40":{"start":{"line":168,"column":4},"end":{"line":168,"column":31}},"41":{"start":{"line":177,"column":4},"end":{"line":181,"column":28}},"42":{"start":{"line":181,"column":6},"end":{"line":181,"column":28}},"43":{"start":{"line":190,"column":4},"end":{"line":192,"column":7}},"44":{"start":{"line":191,"column":6},"end":{"line":191,"column":41}},"45":{"start":{"line":193,"column":4},"end":{"line":193,"column":16}},"46":{"start":{"line":202,"column":4},"end":{"line":211,"column":7}},"47":{"start":{"line":203,"column":6},"end":{"line":206,"column":50}},"48":{"start":{"line":208,"column":6},"end":{"line":208,"column":27}},"49":{"start":{"line":209,"column":6},"end":{"line":209,"column":27}},"50":{"start":{"line":210,"column":6},"end":{"line":210,"column":67}},"51":{"start":{"line":215,"column":4},"end":{"line":223,"column":7}},"52":{"start":{"line":216,"column":6},"end":{"line":219,"column":50}},"53":{"start":{"line":220,"column":6},"end":{"line":220,"column":31}},"54":{"start":{"line":221,"column":6},"end":{"line":221,"column":27}},"55":{"start":{"line":222,"column":6},"end":{"line":222,"column":67}},"56":{"start":{"line":224,"column":4},"end":{"line":224,"column":16}},"57":{"start":{"line":228,"column":4},"end":{"line":233,"column":7}},"58":{"start":{"line":229,"column":6},"end":{"line":229,"column":49}},"59":{"start":{"line":230,"column":6},"end":{"line":230,"column":31}},"60":{"start":{"line":231,"column":6},"end":{"line":231,"column":27}},"61":{"start":{"line":232,"column":6},"end":{"line":232,"column":67}},"62":{"start":{"line":234,"column":4},"end":{"line":234,"column":16}},"63":{"start":{"line":251,"column":4},"end":{"line":292,"column":5}},"64":{"start":{"line":252,"column":6},"end":{"line":291,"column":7}},"65":{"start":{"line":253,"column":35},"end":{"line":253,"column":67}},"66":{"start":{"line":254,"column":28},"end":{"line":254,"column":76}},"67":{"start":{"line":255,"column":8},"end":{"line":281,"column":9}},"68":{"start":{"line":255,"column":21},"end":{"line":255,"column":22}},"69":{"start":{"line":256,"column":26},"end":{"line":256,"column":40}},"70":{"start":{"line":257,"column":10},"end":{"line":280,"column":11}},"71":{"start":{"line":258,"column":12},"end":{"line":269,"column":15}},"72":{"start":{"line":259,"column":14},"end":{"line":262,"column":58}},"73":{"start":{"line":263,"column":14},"end":{"line":263,"column":35}},"74":{"start":{"line":264,"column":14},"end":{"line":268,"column":16}},"75":{"start":{"line":271,"column":12},"end":{"line":279,"column":15}},"76":{"start":{"line":272,"column":14},"end":{"line":272,"column":60}},"77":{"start":{"line":273,"column":14},"end":{"line":273,"column":35}},"78":{"start":{"line":274,"column":14},"end":{"line":278,"column":16}},"79":{"start":{"line":282,"column":8},"end":{"line":288,"column":11}},"80":{"start":{"line":283,"column":10},"end":{"line":283,"column":31}},"81":{"start":{"line":284,"column":10},"end":{"line":284,"column":31}},"82":{"start":{"line":285,"column":10},"end":{"line":287,"column":12}},"83":{"start":{"line":290,"column":8},"end":{"line":290,"column":33}},"84":{"start":{"line":293,"column":4},"end":{"line":293,"column":16}},"85":{"start":{"line":339,"column":4},"end":{"line":350,"column":5}},"86":{"start":{"line":339,"column":17},"end":{"line":339,"column":18}},"87":{"start":{"line":340,"column":6},"end":{"line":349,"column":9}},"88":{"start":{"line":341,"column":8},"end":{"line":341,"column":30}},"89":{"start":{"line":342,"column":8},"end":{"line":342,"column":45}},"90":{"start":{"line":343,"column":8},"end":{"line":343,"column":29}},"91":{"start":{"line":344,"column":8},"end":{"line":348,"column":10}},"92":{"start":{"line":351,"column":4},"end":{"line":351,"column":16}},"93":{"start":{"line":380,"column":4},"end":{"line":394,"column":7}},"94":{"start":{"line":381,"column":6},"end":{"line":390,"column":7}},"95":{"start":{"line":382,"column":8},"end":{"line":382,"column":30}},"96":{"start":{"line":383,"column":8},"end":{"line":383,"column":27}},"97":{"start":{"line":384,"column":8},"end":{"line":384,"column":29}},"98":{"start":{"line":385,"column":8},"end":{"line":389,"column":10}},"99":{"start":{"line":391,"column":6},"end":{"line":393,"column":57}},"100":{"start":{"line":395,"column":4},"end":{"line":395,"column":16}},"101":{"start":{"line":430,"column":16},"end":{"line":430,"column":31}},"102":{"start":{"line":431,"column":19},"end":{"line":431,"column":54}},"103":{"start":{"line":432,"column":4},"end":{"line":440,"column":5}},"104":{"start":{"line":432,"column":17},"end":{"line":432,"column":18}},"105":{"start":{"line":433,"column":6},"end":{"line":439,"column":9}},"106":{"start":{"line":434,"column":8},"end":{"line":434,"column":34}},"107":{"start":{"line":435,"column":8},"end":{"line":435,"column":29}},"108":{"start":{"line":436,"column":8},"end":{"line":438,"column":10}},"109":{"start":{"line":441,"column":4},"end":{"line":441,"column":16}},"110":{"start":{"line":450,"column":4},"end":{"line":450,"column":30}},"111":{"start":{"line":459,"column":4},"end":{"line":461,"column":5}},"112":{"start":{"line":460,"column":6},"end":{"line":460,"column":19}},"113":{"start":{"line":498,"column":4},"end":{"line":500,"column":5}},"114":{"start":{"line":499,"column":6},"end":{"line":499,"column":19}},"115":{"start":{"line":501,"column":4},"end":{"line":501,"column":47}},"116":{"start":{"line":502,"column":4},"end":{"line":514,"column":5}},"117":{"start":{"line":503,"column":6},"end":{"line":503,"column":23}},"118":{"start":{"line":504,"column":6},"end":{"line":504,"column":24}},"119":{"start":{"line":505,"column":6},"end":{"line":505,"column":27}},"120":{"start":{"line":507,"column":6},"end":{"line":512,"column":7}},"121":{"start":{"line":508,"column":8},"end":{"line":508,"column":30}},"122":{"start":{"line":509,"column":8},"end":{"line":509,"column":27}},"123":{"start":{"line":510,"column":8},"end":{"line":510,"column":29}},"124":{"start":{"line":511,"column":8},"end":{"line":511,"column":72}},"125":{"start":{"line":513,"column":6},"end":{"line":513,"column":49}},"126":{"start":{"line":515,"column":4},"end":{"line":517,"column":5}},"127":{"start":{"line":516,"column":6},"end":{"line":516,"column":13}},"128":{"start":{"line":518,"column":4},"end":{"line":518,"column":28}},"129":{"start":{"line":527,"column":4},"end":{"line":541,"column":16}},"130":{"start":{"line":530,"column":10},"end":{"line":539,"column":21}},"131":{"start":{"line":548,"column":4},"end":{"line":548,"column":21}},"132":{"start":{"line":549,"column":4},"end":{"line":549,"column":24}},"133":{"start":{"line":550,"column":4},"end":{"line":550,"column":49}},"134":{"start":{"line":551,"column":4},"end":{"line":551,"column":36}},"135":{"start":{"line":552,"column":4},"end":{"line":552,"column":40}},"136":{"start":{"line":19,"column":0},"end":{"line":19,"column":21}}},"fnMap":{"0":{"name":"(anonymous_0)","decl":{"start":{"line":26,"column":2},"end":{"line":26,"column":8}},"loc":{"start":{"line":26,"column":32},"end":{"line":28,"column":3}}},"1":{"name":"(anonymous_1)","decl":{"start":{"line":69,"column":2},"end":{"line":69,"column":14}},"loc":{"start":{"line":69,"column":28},"end":{"line":71,"column":3}}},"2":{"name":"(anonymous_2)","decl":{"start":{"line":79,"column":10},"end":{"line":79,"column":14}},"loc":{"start":{"line":79,"column":27},"end":{"line":85,"column":3}}},"3":{"name":"(anonymous_3)","decl":{"start":{"line":80,"column":23},"end":{"line":80,"column":24}},"loc":{"start":{"line":80,"column":35},"end":{"line":84,"column":5}}},"4":{"name":"(anonymous_4)","decl":{"start":{"line":81,"column":17},"end":{"line":81,"column":20}},"loc":{"start":{"line":81,"column":22},"end":{"line":83,"column":7}}},"5":{"name":"(anonymous_5)","decl":{"start":{"line":95,"column":2},"end":{"line":95,"column":8}},"loc":{"start":{"line":95,"column":23},"end":{"line":103,"column":3}}},"6":{"name":"(anonymous_6)","decl":{"start":{"line":120,"column":2},"end":{"line":120,"column":6}},"loc":{"start":{"line":121,"column":63},"end":{"line":133,"column":3}}},"7":{"name":"(anonymous_7)","decl":{"start":{"line":146,"column":2},"end":{"line":146,"column":8}},"loc":{"start":{"line":147,"column":63},"end":{"line":159,"column":3}}},"8":{"name":"(anonymous_8)","decl":{"start":{"line":167,"column":10},"end":{"line":167,"column":39}},"loc":{"start":{"line":167,"column":39},"end":{"line":169,"column":3}}},"9":{"name":"(anonymous_9)","decl":{"start":{"line":176,"column":10},"end":{"line":176,"column":22}},"loc":{"start":{"line":176,"column":36},"end":{"line":182,"column":3}}},"10":{"name":"(anonymous_10)","decl":{"start":{"line":189,"column":2},"end":{"line":189,"column":7}},"loc":{"start":{"line":189,"column":19},"end":{"line":194,"column":3}}},"11":{"name":"(anonymous_11)","decl":{"start":{"line":190,"column":17},"end":{"line":190,"column":22}},"loc":{"start":{"line":190,"column":28},"end":{"line":192,"column":5}}},"12":{"name":"(anonymous_12)","decl":{"start":{"line":201,"column":10},"end":{"line":201,"column":21}},"loc":{"start":{"line":201,"column":36},"end":{"line":212,"column":3}}},"13":{"name":"(anonymous_13)","decl":{"start":{"line":202,"column":17},"end":{"line":202,"column":22}},"loc":{"start":{"line":202,"column":28},"end":{"line":211,"column":5}}},"14":{"name":"(anonymous_14)","decl":{"start":{"line":214,"column":2},"end":{"line":214,"column":10}},"loc":{"start":{"line":214,"column":38},"end":{"line":225,"column":3}}},"15":{"name":"(anonymous_15)","decl":{"start":{"line":215,"column":17},"end":{"line":215,"column":22}},"loc":{"start":{"line":215,"column":28},"end":{"line":223,"column":5}}},"16":{"name":"(anonymous_16)","decl":{"start":{"line":227,"column":2},"end":{"line":227,"column":9}},"loc":{"start":{"line":227,"column":37},"end":{"line":235,"column":3}}},"17":{"name":"(anonymous_17)","decl":{"start":{"line":228,"column":17},"end":{"line":228,"column":22}},"loc":{"start":{"line":228,"column":28},"end":{"line":233,"column":5}}},"18":{"name":"(anonymous_18)","decl":{"start":{"line":250,"column":2},"end":{"line":250,"column":7}},"loc":{"start":{"line":250,"column":36},"end":{"line":294,"column":3}}},"19":{"name":"(anonymous_19)","decl":{"start":{"line":258,"column":25},"end":{"line":258,"column":30}},"loc":{"start":{"line":258,"column":36},"end":{"line":269,"column":13}}},"20":{"name":"(anonymous_20)","decl":{"start":{"line":271,"column":25},"end":{"line":271,"column":30}},"loc":{"start":{"line":271,"column":36},"end":{"line":279,"column":13}}},"21":{"name":"(anonymous_21)","decl":{"start":{"line":282,"column":21},"end":{"line":282,"column":26}},"loc":{"start":{"line":282,"column":32},"end":{"line":288,"column":9}}},"22":{"name":"(anonymous_22)","decl":{"start":{"line":338,"column":2},"end":{"line":338,"column":7}},"loc":{"start":{"line":338,"column":59},"end":{"line":352,"column":3}}},"23":{"name":"(anonymous_23)","decl":{"start":{"line":340,"column":19},"end":{"line":340,"column":24}},"loc":{"start":{"line":340,"column":30},"end":{"line":349,"column":7}}},"24":{"name":"(anonymous_24)","decl":{"start":{"line":379,"column":2},"end":{"line":379,"column":10}},"loc":{"start":{"line":379,"column":25},"end":{"line":396,"column":3}}},"25":{"name":"(anonymous_25)","decl":{"start":{"line":380,"column":17},"end":{"line":380,"column":22}},"loc":{"start":{"line":380,"column":28},"end":{"line":394,"column":5}}},"26":{"name":"(anonymous_26)","decl":{"start":{"line":429,"column":2},"end":{"line":429,"column":6}},"loc":{"start":{"line":429,"column":36},"end":{"line":442,"column":3}}},"27":{"name":"(anonymous_27)","decl":{"start":{"line":433,"column":19},"end":{"line":433,"column":24}},"loc":{"start":{"line":433,"column":30},"end":{"line":439,"column":7}}},"28":{"name":"(anonymous_28)","decl":{"start":{"line":449,"column":10},"end":{"line":449,"column":17}},"loc":{"start":{"line":449,"column":28},"end":{"line":451,"column":3}}},"29":{"name":"(anonymous_29)","decl":{"start":{"line":458,"column":2},"end":{"line":458,"column":7}},"loc":{"start":{"line":458,"column":11},"end":{"line":462,"column":3}}},"30":{"name":"(anonymous_30)","decl":{"start":{"line":495,"column":2},"end":{"line":495,"column":7}},"loc":{"start":{"line":496,"column":52},"end":{"line":519,"column":3}}},"31":{"name":"(anonymous_31)","decl":{"start":{"line":526,"column":10},"end":{"line":526,"column":23}},"loc":{"start":{"line":526,"column":23},"end":{"line":542,"column":3}}},"32":{"name":"(anonymous_32)","decl":{"start":{"line":529,"column":8},"end":{"line":529,"column":9}},"loc":{"start":{"line":530,"column":10},"end":{"line":539,"column":21}}},"33":{"name":"(anonymous_33)","decl":{"start":{"line":547,"column":2},"end":{"line":547,"column":9}},"loc":{"start":{"line":547,"column":9},"end":{"line":553,"column":3}}}},"branchMap":{"0":{"loc":{"start":{"line":121,"column":4},"end":{"line":121,"column":63}},"type":"default-arg","locations":[{"start":{"line":121,"column":49},"end":{"line":121,"column":63}}]},"1":{"loc":{"start":{"line":123,"column":4},"end":{"line":123,"column":59}},"type":"if","locations":[{"start":{"line":123,"column":4},"end":{"line":123,"column":59}}]},"2":{"loc":{"start":{"line":147,"column":4},"end":{"line":147,"column":63}},"type":"default-arg","locations":[{"start":{"line":147,"column":49},"end":{"line":147,"column":63}}]},"3":{"loc":{"start":{"line":149,"column":4},"end":{"line":149,"column":59}},"type":"if","locations":[{"start":{"line":149,"column":4},"end":{"line":149,"column":59}}]},"4":{"loc":{"start":{"line":177,"column":4},"end":{"line":181,"column":28}},"type":"if","locations":[{"start":{"line":177,"column":4},"end":{"line":181,"column":28}}]},"5":{"loc":{"start":{"line":178,"column":6},"end":{"line":179,"column":49}},"type":"binary-expr","locations":[{"start":{"line":178,"column":6},"end":{"line":178,"column":31}},{"start":{"line":179,"column":6},"end":{"line":179,"column":49}}]},"6":{"loc":{"start":{"line":252,"column":6},"end":{"line":291,"column":7}},"type":"if","locations":[{"start":{"line":252,"column":6},"end":{"line":291,"column":7}},{"start":{"line":289,"column":13},"end":{"line":291,"column":7}}]},"7":{"loc":{"start":{"line":257,"column":10},"end":{"line":280,"column":11}},"type":"if","locations":[{"start":{"line":257,"column":10},"end":{"line":280,"column":11}},{"start":{"line":270,"column":17},"end":{"line":280,"column":11}}]},"8":{"loc":{"start":{"line":265,"column":16},"end":{"line":267,"column":56}},"type":"cond-expr","locations":[{"start":{"line":266,"column":20},"end":{"line":266,"column":37}},{"start":{"line":267,"column":20},"end":{"line":267,"column":56}}]},"9":{"loc":{"start":{"line":275,"column":16},"end":{"line":277,"column":56}},"type":"cond-expr","locations":[{"start":{"line":276,"column":20},"end":{"line":276,"column":37}},{"start":{"line":277,"column":20},"end":{"line":277,"column":56}}]},"10":{"loc":{"start":{"line":286,"column":12},"end":{"line":286,"column":76}},"type":"cond-expr","locations":[{"start":{"line":286,"column":20},"end":{"line":286,"column":37}},{"start":{"line":286,"column":40},"end":{"line":286,"column":76}}]},"11":{"loc":{"start":{"line":338,"column":26},"end":{"line":338,"column":43}},"type":"default-arg","locations":[{"start":{"line":338,"column":42},"end":{"line":338,"column":43}}]},"12":{"loc":{"start":{"line":345,"column":10},"end":{"line":347,"column":56}},"type":"cond-expr","locations":[{"start":{"line":346,"column":14},"end":{"line":346,"column":31}},{"start":{"line":347,"column":14},"end":{"line":347,"column":56}}]},"13":{"loc":{"start":{"line":386,"column":10},"end":{"line":388,"column":60}},"type":"cond-expr","locations":[{"start":{"line":387,"column":14},"end":{"line":387,"column":41}},{"start":{"line":388,"column":14},"end":{"line":388,"column":60}}]},"14":{"loc":{"start":{"line":391,"column":13},"end":{"line":393,"column":56}},"type":"cond-expr","locations":[{"start":{"line":392,"column":10},"end":{"line":392,"column":37}},{"start":{"line":393,"column":10},"end":{"line":393,"column":56}}]},"15":{"loc":{"start":{"line":437,"column":10},"end":{"line":437,"column":62}},"type":"cond-expr","locations":[{"start":{"line":437,"column":18},"end":{"line":437,"column":35}},{"start":{"line":437,"column":38},"end":{"line":437,"column":62}}]},"16":{"loc":{"start":{"line":496,"column":26},"end":{"line":496,"column":52}},"type":"default-arg","locations":[{"start":{"line":496,"column":47},"end":{"line":496,"column":52}}]},"17":{"loc":{"start":{"line":502,"column":4},"end":{"line":514,"column":5}},"type":"if","locations":[{"start":{"line":502,"column":4},"end":{"line":514,"column":5}},{"start":{"line":506,"column":11},"end":{"line":514,"column":5}}]},"18":{"loc":{"start":{"line":515,"column":4},"end":{"line":517,"column":5}},"type":"if","locations":[{"start":{"line":515,"column":4},"end":{"line":517,"column":5}}]},"19":{"loc":{"start":{"line":533,"column":12},"end":{"line":538,"column":25}},"type":"cond-expr","locations":[{"start":{"line":534,"column":16},"end":{"line":537,"column":null}},{"start":{"line":538,"column":16},"end":{"line":538,"column":25}}]}},"s":{"0":2,"1":2,"2":0,"3":2,"4":0,"5":0,"6":0,"7":0,"8":0,"9":0,"10":0,"11":0,"12":0,"13":0,"14":0,"15":0,"16":0,"17":0,"18":0,"19":0,"20":0,"21":0,"22":0,"23":0,"24":0,"25":0,"26":0,"27":0,"28":0,"29":0,"30":0,"31":0,"32":0,"33":0,"34":0,"35":0,"36":0,"37":0,"38":0,"39":0,"40":0,"41":0,"42":0,"43":0,"44":0,"45":0,"46":0,"47":0,"48":0,"49":0,"50":0,"51":0,"52":0,"53":0,"54":0,"55":0,"56":0,"57":0,"58":0,"59":0,"60":0,"61":0,"62":0,"63":0,"64":0,"65":0,"66":0,"67":0,"68":0,"69":0,"70":0,"71":0,"72":0,"73":0,"74":0,"75":0,"76":0,"77":0,"78":0,"79":0,"80":0,"81":0,"82":0,"83":0,"84":0,"85":0,"86":0,"87":0,"88":0,"89":0,"90":0,"91":0,"92":0,"93":0,"94":0,"95":0,"96":0,"97":0,"98":0,"99":0,"100":0,"101":0,"102":0,"103":0,"104":0,"105":0,"106":0,"107":0,"108":0,"109":0,"110":0,"111":0,"112":0,"113":0,"114":0,"115":0,"116":0,"117":0,"118":0,"119":0,"120":0,"121":0,"122":0,"123":0,"124":0,"125":0,"126":0,"127":0,"128":0,"129":0,"130":0,"131":0,"132":0,"133":0,"134":0,"135":0,"136":2},"f":{"0":0,"1":0,"2":0,"3":0,"4":0,"5":0,"6":0,"7":0,"8":0,"9":0,"10":0,"11":0,"12":0,"13":0,"14":0,"15":0,"16":0,"17":0,"18":0,"19":0,"20":0,"21":0,"22":0,"23":0,"24":0,"25":0,"26":0,"27":0,"28":0,"29":0,"30":0,"31":0,"32":0,"33":0},"b":{"0":[0],"1":[0],"2":[0],"3":[0],"4":[0],"5":[0,0],"6":[0,0],"7":[0,0],"8":[0,0],"9":[0,0],"10":[0,0],"11":[0],"12":[0,0],"13":[0,0],"14":[0,0],"15":[0,0],"16":[0],"17":[0,0],"18":[0],"19":[0,0]}}
,"C:\\kimson\\Kim_Coding\\project\\typoz\\src\\utils\\feature.ts": {"path":"C:\\kimson\\Kim_Coding\\project\\typoz\\src\\utils\\feature.ts","statementMap":{"0":{"start":{"line":7,"column":2},"end":{"line":18,"column":3}},"1":{"start":{"line":8,"column":4},"end":{"line":17,"column":5}},"2":{"start":{"line":14,"column":6},"end":{"line":14,"column":60}},"3":{"start":{"line":16,"column":6},"end":{"line":16,"column":39}},"4":{"start":{"line":3,"column":0},"end":{"line":3,"column":16}},"5":{"start":{"line":26,"column":13},"end":{"line":26,"column":41}},"6":{"start":{"line":27,"column":2},"end":{"line":27,"column":25}},"7":{"start":{"line":28,"column":2},"end":{"line":30,"column":3}},"8":{"start":{"line":29,"column":4},"end":{"line":29,"column":53}},"9":{"start":{"line":31,"column":2},"end":{"line":31,"column":32}},"10":{"start":{"line":21,"column":0},"end":{"line":21,"column":16}},"11":{"start":{"line":47,"column":20},"end":{"line":54,"column":4}},"12":{"start":{"line":58,"column":31},"end":{"line":60,"column":23}},"13":{"start":{"line":62,"column":2},"end":{"line":68,"column":3}},"14":{"start":{"line":64,"column":4},"end":{"line":64,"column":685}},"15":{"start":{"line":67,"column":4},"end":{"line":67,"column":489}},"16":{"start":{"line":34,"column":0},"end":{"line":34,"column":16}},"17":{"start":{"line":74,"column":2},"end":{"line":74,"column":71}},"18":{"start":{"line":71,"column":0},"end":{"line":71,"column":16}},"19":{"start":{"line":78,"column":2},"end":{"line":78,"column":60}},"20":{"start":{"line":77,"column":0},"end":{"line":77,"column":16}},"21":{"start":{"line":82,"column":2},"end":{"line":82,"column":33}},"22":{"start":{"line":81,"column":0},"end":{"line":81,"column":16}},"23":{"start":{"line":86,"column":2},"end":{"line":93,"column":3}},"24":{"start":{"line":87,"column":30},"end":{"line":87,"column":75}},"25":{"start":{"line":88,"column":4},"end":{"line":88,"column":42}},"26":{"start":{"line":90,"column":30},"end":{"line":90,"column":55}},"27":{"start":{"line":91,"column":4},"end":{"line":91,"column":55}},"28":{"start":{"line":92,"column":4},"end":{"line":92,"column":44}},"29":{"start":{"line":85,"column":0},"end":{"line":85,"column":16}},"30":{"start":{"line":97,"column":2},"end":{"line":97,"column":55}},"31":{"start":{"line":96,"column":0},"end":{"line":96,"column":16}},"32":{"start":{"line":101,"column":2},"end":{"line":115,"column":4}},"33":{"start":{"line":104,"column":16},"end":{"line":104,"column":44}},"34":{"start":{"line":105,"column":16},"end":{"line":105,"column":54}},"35":{"start":{"line":106,"column":21},"end":{"line":107,"column":51}},"36":{"start":{"line":107,"column":8},"end":{"line":107,"column":51}},"37":{"start":{"line":108,"column":6},"end":{"line":113,"column":7}},"38":{"start":{"line":110,"column":10},"end":{"line":110,"column":27}},"39":{"start":{"line":112,"column":10},"end":{"line":112,"column":27}},"40":{"start":{"line":100,"column":0},"end":{"line":100,"column":16}}},"fnMap":{"0":{"name":"recursiveConfigApply","decl":{"start":{"line":3,"column":16},"end":{"line":3,"column":36}},"loc":{"start":{"line":5,"column":36},"end":{"line":19,"column":1}}},"1":{"name":"createEl","decl":{"start":{"line":21,"column":16},"end":{"line":21,"column":24}},"loc":{"start":{"line":24,"column":45},"end":{"line":32,"column":1}}},"2":{"name":"getCursorStyle","decl":{"start":{"line":34,"column":16},"end":{"line":34,"column":30}},"loc":{"start":{"line":45,"column":28},"end":{"line":69,"column":1}}},"3":{"name":"findElements","decl":{"start":{"line":71,"column":16},"end":{"line":71,"column":28}},"loc":{"start":{"line":72,"column":34},"end":{"line":75,"column":1}}},"4":{"name":"findOne","decl":{"start":{"line":77,"column":16},"end":{"line":77,"column":23}},"loc":{"start":{"line":77,"column":38},"end":{"line":79,"column":1}}},"5":{"name":"trimInnerText","decl":{"start":{"line":81,"column":16},"end":{"line":81,"column":29}},"loc":{"start":{"line":81,"column":54},"end":{"line":83,"column":1}}},"6":{"name":"initializeTypozStyle","decl":{"start":{"line":85,"column":16},"end":{"line":85,"column":36}},"loc":{"start":{"line":85,"column":51},"end":{"line":94,"column":1}}},"7":{"name":"copyConfig","decl":{"start":{"line":96,"column":16},"end":{"line":96,"column":26}},"loc":{"start":{"line":96,"column":42},"end":{"line":98,"column":1}}},"8":{"name":"createName","decl":{"start":{"line":100,"column":16},"end":{"line":100,"column":26}},"loc":{"start":{"line":100,"column":26},"end":{"line":116,"column":1}}},"9":{"name":"(anonymous_9)","decl":{"start":{"line":103,"column":4},"end":{"line":103,"column":5}},"loc":{"start":{"line":103,"column":11},"end":{"line":114,"column":5}}},"10":{"name":"(anonymous_10)","decl":{"start":{"line":106,"column":21},"end":{"line":106,"column":22}},"loc":{"start":{"line":107,"column":8},"end":{"line":107,"column":51}}}},"branchMap":{"0":{"loc":{"start":{"line":8,"column":4},"end":{"line":17,"column":5}},"type":"if","locations":[{"start":{"line":8,"column":4},"end":{"line":17,"column":5}},{"start":{"line":15,"column":11},"end":{"line":17,"column":5}}]},"1":{"loc":{"start":{"line":9,"column":6},"end":{"line":12,"column":37}},"type":"binary-expr","locations":[{"start":{"line":9,"column":6},"end":{"line":9,"column":37}},{"start":{"line":10,"column":6},"end":{"line":10,"column":37}},{"start":{"line":11,"column":6},"end":{"line":11,"column":38}},{"start":{"line":12,"column":6},"end":{"line":12,"column":37}}]},"2":{"loc":{"start":{"line":28,"column":2},"end":{"line":30,"column":3}},"type":"if","locations":[{"start":{"line":28,"column":2},"end":{"line":30,"column":3}}]},"3":{"loc":{"start":{"line":37,"column":4},"end":{"line":37,"column":17}},"type":"default-arg","locations":[{"start":{"line":37,"column":16},"end":{"line":37,"column":17}}]},"4":{"loc":{"start":{"line":38,"column":4},"end":{"line":38,"column":16}},"type":"default-arg","locations":[{"start":{"line":38,"column":14},"end":{"line":38,"column":16}}]},"5":{"loc":{"start":{"line":39,"column":4},"end":{"line":39,"column":23}},"type":"default-arg","locations":[{"start":{"line":39,"column":12},"end":{"line":39,"column":23}}]},"6":{"loc":{"start":{"line":40,"column":4},"end":{"line":40,"column":20}},"type":"default-arg","locations":[{"start":{"line":40,"column":10},"end":{"line":40,"column":20}}]},"7":{"loc":{"start":{"line":41,"column":4},"end":{"line":41,"column":12}},"type":"default-arg","locations":[{"start":{"line":41,"column":11},"end":{"line":41,"column":12}}]},"8":{"loc":{"start":{"line":42,"column":4},"end":{"line":42,"column":18}},"type":"default-arg","locations":[{"start":{"line":42,"column":15},"end":{"line":42,"column":18}}]},"9":{"loc":{"start":{"line":45,"column":2},"end":{"line":45,"column":28}},"type":"default-arg","locations":[{"start":{"line":45,"column":23},"end":{"line":45,"column":28}}]},"10":{"loc":{"start":{"line":58,"column":31},"end":{"line":60,"column":23}},"type":"cond-expr","locations":[{"start":{"line":59,"column":6},"end":{"line":59,"column":64}},{"start":{"line":60,"column":6},"end":{"line":60,"column":23}}]},"11":{"loc":{"start":{"line":62,"column":2},"end":{"line":68,"column":3}},"type":"if","locations":[{"start":{"line":62,"column":2},"end":{"line":68,"column":3}},{"start":{"line":65,"column":9},"end":{"line":68,"column":3}}]},"12":{"loc":{"start":{"line":64,"column":38},"end":{"line":64,"column":58}},"type":"cond-expr","locations":[{"start":{"line":64,"column":43},"end":{"line":64,"column":55}},{"start":{"line":64,"column":56},"end":{"line":64,"column":58}}]},"13":{"loc":{"start":{"line":64,"column":253},"end":{"line":64,"column":273}},"type":"cond-expr","locations":[{"start":{"line":64,"column":258},"end":{"line":64,"column":270}},{"start":{"line":64,"column":271},"end":{"line":64,"column":273}}]},"14":{"loc":{"start":{"line":64,"column":306},"end":{"line":64,"column":326}},"type":"cond-expr","locations":[{"start":{"line":64,"column":311},"end":{"line":64,"column":323}},{"start":{"line":64,"column":324},"end":{"line":64,"column":326}}]},"15":{"loc":{"start":{"line":67,"column":25},"end":{"line":67,"column":45}},"type":"cond-expr","locations":[{"start":{"line":67,"column":30},"end":{"line":67,"column":42}},{"start":{"line":67,"column":43},"end":{"line":67,"column":45}}]},"16":{"loc":{"start":{"line":67,"column":227},"end":{"line":67,"column":247}},"type":"cond-expr","locations":[{"start":{"line":67,"column":232},"end":{"line":67,"column":244}},{"start":{"line":67,"column":245},"end":{"line":67,"column":247}}]},"17":{"loc":{"start":{"line":67,"column":267},"end":{"line":67,"column":287}},"type":"cond-expr","locations":[{"start":{"line":67,"column":272},"end":{"line":67,"column":284}},{"start":{"line":67,"column":285},"end":{"line":67,"column":287}}]},"18":{"loc":{"start":{"line":86,"column":2},"end":{"line":93,"column":3}},"type":"if","locations":[{"start":{"line":86,"column":2},"end":{"line":93,"column":3}},{"start":{"line":89,"column":9},"end":{"line":93,"column":3}}]},"19":{"loc":{"start":{"line":108,"column":6},"end":{"line":113,"column":7}},"type":"switch","locations":[{"start":{"line":109,"column":8},"end":{"line":110,"column":27}},{"start":{"line":111,"column":8},"end":{"line":112,"column":27}}]}},"s":{"0":17,"1":48,"2":11,"3":37,"4":2,"5":16,"6":16,"7":16,"8":0,"9":16,"10":2,"11":7,"12":7,"13":7,"14":0,"15":7,"16":2,"17":4,"18":2,"19":2,"20":2,"21":2,"22":2,"23":4,"24":0,"25":0,"26":4,"27":4,"28":4,"29":2,"30":16,"31":2,"32":3,"33":117,"34":117,"35":117,"36":117,"37":117,"38":66,"39":51,"40":2},"f":{"0":17,"1":16,"2":7,"3":4,"4":2,"5":2,"6":4,"7":16,"8":3,"9":117,"10":117},"b":{"0":[11,37],"1":[48,40,27,15],"2":[0],"3":[0],"4":[0],"5":[0],"6":[0],"7":[0],"8":[0],"9":[7],"10":[7,0],"11":[0,7],"12":[0,0],"13":[0,0],"14":[0,0],"15":[3,4],"16":[3,4],"17":[3,4],"18":[0,4],"19":[66,51]}}
,"C:\\kimson\\Kim_Coding\\project\\typoz\\src\\utils\\global.instance.ts": {"path":"C:\\kimson\\Kim_Coding\\project\\typoz\\src\\utils\\global.instance.ts","statementMap":{"0":{"start":{"line":3,"column":13},"end":{"line":28,"column":2}}},"fnMap":{},"branchMap":{},"s":{"0":2},"f":{},"b":{}}
}
