TN:
SF:src\core\Typoz.ts
FN:47,(anonymous_1)
FN:59,(anonymous_2)
FN:66,(anonymous_3)
FN:75,(anonymous_4)
FN:89,(anonymous_5)
FN:100,(anonymous_6)
FN:114,(anonymous_7)
FN:123,(anonymous_8)
FN:142,(anonymous_9)
FN:167,(anonymous_10)
FN:185,(anonymous_11)
FN:211,(anonymous_12)
FN:237,(anonymous_13)
FN:240,(anonymous_14)
FN:281,(anonymous_15)
FN:310,(anonymous_16)
FNF:16
FNH:13
FNDA:0,(anonymous_1)
FNDA:2,(anonymous_2)
FNDA:11,(anonymous_3)
FNDA:5,(anonymous_4)
FNDA:3,(anonymous_5)
FNDA:4,(anonymous_6)
FNDA:7,(anonymous_7)
FNDA:2,(anonymous_8)
FNDA:0,(anonymous_9)
FNDA:0,(anonymous_10)
FNDA:4,(anonymous_11)
FNDA:4,(anonymous_12)
FNDA:4,(anonymous_13)
FNDA:2,(anonymous_14)
FNDA:4,(anonymous_15)
FNDA:4,(anonymous_16)
DA:5,2
DA:6,2
DA:7,2
DA:17,2
DA:18,2
DA:20,2
DA:26,2
DA:48,0
DA:49,0
DA:50,0
DA:56,2
DA:57,2
DA:60,2
DA:67,11
DA:76,5
DA:77,5
DA:78,5
DA:80,5
DA:81,3
DA:83,5
DA:84,0
DA:87,5
DA:88,5
DA:89,5
DA:90,3
DA:103,4
DA:104,4
DA:105,4
DA:115,7
DA:124,2
DA:125,2
DA:126,6
DA:128,2
DA:186,4
DA:187,4
DA:188,1
DA:189,1
DA:190,1
DA:191,1
DA:193,1
DA:195,1
DA:196,1
DA:202,1
DA:214,4
DA:215,0
DA:216,0
DA:217,0
DA:218,0
DA:220,0
DA:222,0
DA:223,0
DA:229,0
DA:238,4
DA:239,2
DA:241,2
DA:269,2
DA:274,2
DA:282,4
DA:283,4
DA:284,2
DA:285,2
DA:286,2
DA:287,2
DA:289,2
DA:295,2
DA:296,2
DA:311,4
DA:313,4
DA:315,4
DA:316,4
DA:317,4
DA:319,4
DA:320,3
DA:321,3
DA:324,4
LF:75
LH:63
BRDA:101,0,0,1
BRDA:103,1,0,4
BRDA:104,2,0,4
BRDA:189,3,0,1
BRDA:190,4,0,1
BRDA:198,5,0,1
BRDA:198,5,1,1
BRDA:216,6,0,0
BRDA:217,7,0,0
BRDA:225,8,0,0
BRDA:225,8,1,0
BRDA:238,9,0,2
BRDA:286,10,0,2
BRDA:291,11,0,2
BRDA:291,11,1,0
BRDA:295,12,0,2
BRF:16
BRH:11
end_of_record
TN:
SF:src\models\TypeNode.ts
FN:46,(anonymous_0)
FN:57,(anonymous_1)
FN:72,(anonymous_2)
FN:80,(anonymous_3)
FN:96,(anonymous_4)
FN:136,(anonymous_5)
FN:187,(anonymous_6)
FN:227,(anonymous_7)
FN:259,(anonymous_8)
FN:293,(anonymous_9)
FNF:10
FNH:7
FNDA:3,(anonymous_0)
FNDA:7,(anonymous_1)
FNDA:3,(anonymous_2)
FNDA:3,(anonymous_3)
FNDA:3,(anonymous_4)
FNDA:3,(anonymous_5)
FNDA:0,(anonymous_6)
FNDA:3,(anonymous_7)
FNDA:0,(anonymous_8)
FNDA:0,(anonymous_9)
DA:1,2
DA:4,2
DA:9,2
DA:15,3
DA:25,3
DA:33,3
DA:39,3
DA:52,3
DA:53,3
DA:54,3
DA:55,3
DA:56,3
DA:57,7
DA:60,3
DA:73,3
DA:81,3
DA:82,3
DA:83,3
DA:84,3
DA:85,3
DA:86,3
DA:88,3
DA:97,3
DA:98,3
DA:101,3
DA:103,0
DA:104,0
DA:137,3
DA:138,3
DA:139,3
DA:140,3
DA:141,3
DA:142,3
LF:33
LH:31
BRDA:57,0,0,7
BRDA:57,0,1,7
BRDA:57,0,2,7
BRDA:57,0,3,7
BRDA:73,1,0,3
BRDA:73,1,1,1
BRF:6
BRH:6
end_of_record
TN:
SF:src\modules\BaseParser.ts
FNF:0
FNH:0
DA:3,2
LF:1
LH:1
BRF:0
BRH:0
end_of_record
TN:
SF:src\modules\KoreanParser.ts
FN:17,(anonymous_0)
FN:23,(anonymous_1)
FN:26,(anonymous_2)
FN:31,(anonymous_3)
FN:36,(anonymous_4)
FN:39,(anonymous_5)
FN:42,(anonymous_6)
FN:47,(anonymous_7)
FN:52,(anonymous_8)
FN:53,(anonymous_9)
FN:55,(anonymous_10)
FN:63,(anonymous_11)
FN:66,(anonymous_12)
FN:69,(anonymous_13)
FN:73,(anonymous_14)
FN:77,(anonymous_15)
FN:81,(anonymous_16)
FN:86,(anonymous_17)
FN:100,(anonymous_18)
FNF:19
FNH:19
FNDA:332,(anonymous_0)
FNDA:110,(anonymous_1)
FNDA:113,(anonymous_2)
FNDA:109,(anonymous_3)
FNDA:109,(anonymous_4)
FNDA:109,(anonymous_5)
FNDA:106,(anonymous_6)
FNDA:573,(anonymous_7)
FNDA:99,(anonymous_8)
FNDA:294,(anonymous_9)
FNDA:105,(anonymous_10)
FNDA:193,(anonymous_11)
FNDA:116,(anonymous_12)
FNDA:34,(anonymous_13)
FNDA:193,(anonymous_14)
FNDA:116,(anonymous_15)
FNDA:34,(anonymous_16)
FNDA:193,(anonymous_17)
FNDA:190,(anonymous_18)
DA:1,2
DA:3,18
DA:5,18
DA:7,18
DA:9,18
DA:10,18
DA:11,18
DA:14,18
DA:18,332
DA:19,331
DA:24,110
DA:27,113
DA:32,109
DA:37,109
DA:40,109
DA:43,106
DA:48,573
DA:53,294
DA:56,105
DA:57,104
DA:58,104
DA:59,104
DA:64,193
DA:67,116
DA:70,34
DA:74,193
DA:75,193
DA:78,116
DA:79,116
DA:82,34
DA:83,34
DA:87,193
DA:88,193
DA:89,193
DA:91,193
DA:92,116
DA:94,193
DA:95,34
DA:97,193
DA:101,190
DA:102,190
DA:105,190
DA:106,77
DA:108,113
LF:44
LH:44
BRDA:18,0,0,1
BRDA:88,1,0,193
BRDA:91,2,0,116
BRDA:94,3,0,34
BRDA:105,4,0,77
BRDA:105,4,1,113
BRF:6
BRH:6
end_of_record
TN:
SF:src\modules\Parser.ts
FN:7,(anonymous_1)
FN:13,(anonymous_2)
FN:14,(anonymous_3)
FN:16,(anonymous_4)
FN:25,(anonymous_5)
FN:43,(anonymous_6)
FN:57,(anonymous_7)
FN:58,(anonymous_8)
FN:78,(anonymous_9)
FNF:9
FNH:9
FNDA:9,(anonymous_1)
FNDA:31,(anonymous_2)
FNDA:93,(anonymous_3)
FNDA:34,(anonymous_4)
FNDA:13,(anonymous_5)
FNDA:1,(anonymous_6)
FNDA:9,(anonymous_7)
FNDA:101,(anonymous_8)
FNDA:10,(anonymous_9)
DA:1,2
DA:2,2
DA:4,2
DA:8,9
DA:9,9
DA:14,93
DA:17,34
DA:26,13
DA:27,13
DA:28,128
DA:29,97
DA:30,97
DA:32,31
DA:33,31
DA:36,13
DA:44,1
DA:45,1
DA:46,8
DA:47,5
DA:48,5
DA:50,3
DA:51,3
DA:54,1
DA:58,9
DA:59,101
DA:60,101
DA:61,77
DA:62,186
DA:63,186
DA:64,186
DA:67,24
DA:69,101
DA:79,10
DA:80,9
DA:81,9
DA:82,9
DA:84,1
LF:37
LH:37
BRDA:28,0,0,97
BRDA:28,0,1,31
BRDA:46,1,0,5
BRDA:46,1,1,3
BRDA:60,2,0,77
BRDA:60,2,1,24
BRDA:79,3,0,9
BRDA:79,3,1,1
BRF:8
BRH:8
end_of_record
TN:
SF:src\modules\TypeBuilder.ts
FN:26,(anonymous_0)
FN:69,(anonymous_1)
FN:79,(anonymous_2)
FN:80,(anonymous_3)
FN:81,(anonymous_4)
FN:95,(anonymous_5)
FN:120,(anonymous_6)
FN:146,(anonymous_7)
FN:167,(anonymous_8)
FN:176,(anonymous_9)
FN:189,(anonymous_10)
FN:190,(anonymous_11)
FN:201,(anonymous_12)
FN:202,(anonymous_13)
FN:214,(anonymous_14)
FN:215,(anonymous_15)
FN:227,(anonymous_16)
FN:228,(anonymous_17)
FN:250,(anonymous_18)
FN:258,(anonymous_19)
FN:271,(anonymous_20)
FN:282,(anonymous_21)
FN:338,(anonymous_22)
FN:340,(anonymous_23)
FN:379,(anonymous_24)
FN:380,(anonymous_25)
FN:429,(anonymous_26)
FN:433,(anonymous_27)
FN:449,(anonymous_28)
FN:458,(anonymous_29)
FN:495,(anonymous_30)
FN:526,(anonymous_31)
FN:529,(anonymous_32)
FN:547,(anonymous_33)
FNF:34
FNH:0
FNDA:0,(anonymous_0)
FNDA:0,(anonymous_1)
FNDA:0,(anonymous_2)
FNDA:0,(anonymous_3)
FNDA:0,(anonymous_4)
FNDA:0,(anonymous_5)
FNDA:0,(anonymous_6)
FNDA:0,(anonymous_7)
FNDA:0,(anonymous_8)
FNDA:0,(anonymous_9)
FNDA:0,(anonymous_10)
FNDA:0,(anonymous_11)
FNDA:0,(anonymous_12)
FNDA:0,(anonymous_13)
FNDA:0,(anonymous_14)
FNDA:0,(anonymous_15)
FNDA:0,(anonymous_16)
FNDA:0,(anonymous_17)
FNDA:0,(anonymous_18)
FNDA:0,(anonymous_19)
FNDA:0,(anonymous_20)
FNDA:0,(anonymous_21)
FNDA:0,(anonymous_22)
FNDA:0,(anonymous_23)
FNDA:0,(anonymous_24)
FNDA:0,(anonymous_25)
FNDA:0,(anonymous_26)
FNDA:0,(anonymous_27)
FNDA:0,(anonymous_28)
FNDA:0,(anonymous_29)
FNDA:0,(anonymous_30)
FNDA:0,(anonymous_31)
FNDA:0,(anonymous_32)
FNDA:0,(anonymous_33)
DA:1,2
DA:9,2
DA:19,2
DA:27,0
DA:33,2
DA:45,0
DA:57,0
DA:59,0
DA:61,0
DA:67,0
DA:70,0
DA:80,0
DA:81,0
DA:82,0
DA:96,0
DA:97,0
DA:98,0
DA:99,0
DA:100,0
DA:101,0
DA:102,0
DA:123,0
DA:125,0
DA:126,0
DA:127,0
DA:128,0
DA:129,0
DA:130,0
DA:131,0
DA:132,0
DA:149,0
DA:151,0
DA:152,0
DA:153,0
DA:154,0
DA:155,0
DA:156,0
DA:157,0
DA:158,0
DA:168,0
DA:177,0
DA:181,0
DA:190,0
DA:191,0
DA:193,0
DA:202,0
DA:203,0
DA:208,0
DA:209,0
DA:210,0
DA:215,0
DA:216,0
DA:220,0
DA:221,0
DA:222,0
DA:224,0
DA:228,0
DA:229,0
DA:230,0
DA:231,0
DA:232,0
DA:234,0
DA:251,0
DA:252,0
DA:253,0
DA:254,0
DA:255,0
DA:256,0
DA:257,0
DA:258,0
DA:259,0
DA:263,0
DA:264,0
DA:271,0
DA:272,0
DA:273,0
DA:274,0
DA:282,0
DA:283,0
DA:284,0
DA:285,0
DA:290,0
DA:293,0
DA:339,0
DA:340,0
DA:341,0
DA:342,0
DA:343,0
DA:344,0
DA:351,0
DA:380,0
DA:381,0
DA:382,0
DA:383,0
DA:384,0
DA:385,0
DA:391,0
DA:395,0
DA:430,0
DA:431,0
DA:432,0
DA:433,0
DA:434,0
DA:435,0
DA:436,0
DA:441,0
DA:450,0
DA:459,0
DA:460,0
DA:498,0
DA:499,0
DA:501,0
DA:502,0
DA:503,0
DA:504,0
DA:505,0
DA:507,0
DA:508,0
DA:509,0
DA:510,0
DA:511,0
DA:513,0
DA:515,0
DA:516,0
DA:518,0
DA:527,0
DA:530,0
DA:548,0
DA:549,0
DA:550,0
DA:551,0
DA:552,0
LF:132
LH:4
BRDA:121,0,0,0
BRDA:123,1,0,0
BRDA:147,2,0,0
BRDA:149,3,0,0
BRDA:177,4,0,0
BRDA:178,5,0,0
BRDA:178,5,1,0
BRDA:252,6,0,0
BRDA:252,6,1,0
BRDA:257,7,0,0
BRDA:257,7,1,0
BRDA:265,8,0,0
BRDA:265,8,1,0
BRDA:275,9,0,0
BRDA:275,9,1,0
BRDA:286,10,0,0
BRDA:286,10,1,0
BRDA:338,11,0,0
BRDA:345,12,0,0
BRDA:345,12,1,0
BRDA:386,13,0,0
BRDA:386,13,1,0
BRDA:391,14,0,0
BRDA:391,14,1,0
BRDA:437,15,0,0
BRDA:437,15,1,0
BRDA:496,16,0,0
BRDA:502,17,0,0
BRDA:502,17,1,0
BRDA:515,18,0,0
BRDA:533,19,0,0
BRDA:533,19,1,0
BRF:32
BRH:0
end_of_record
TN:
SF:src\utils\feature.ts
FN:3,recursiveConfigApply
FN:21,createEl
FN:34,getCursorStyle
FN:71,findElements
FN:77,findOne
FN:81,trimInnerText
FN:85,initializeTypozStyle
FN:96,copyConfig
FN:100,createName
FN:103,(anonymous_9)
FN:106,(anonymous_10)
FNF:11
FNH:11
FNDA:17,recursiveConfigApply
FNDA:16,createEl
FNDA:7,getCursorStyle
FNDA:4,findElements
FNDA:2,findOne
FNDA:2,trimInnerText
FNDA:4,initializeTypozStyle
FNDA:16,copyConfig
FNDA:3,createName
FNDA:117,(anonymous_9)
FNDA:117,(anonymous_10)
DA:3,2
DA:7,17
DA:8,48
DA:14,11
DA:16,37
DA:21,2
DA:26,16
DA:27,16
DA:28,16
DA:29,0
DA:31,16
DA:34,2
DA:47,7
DA:58,7
DA:62,7
DA:64,0
DA:67,7
DA:71,2
DA:74,4
DA:77,2
DA:78,2
DA:81,2
DA:82,2
DA:85,2
DA:86,4
DA:87,0
DA:88,0
DA:90,4
DA:91,4
DA:92,4
DA:96,2
DA:97,16
DA:100,2
DA:101,3
DA:104,117
DA:105,117
DA:106,117
DA:107,117
DA:108,117
DA:110,66
DA:112,51
LF:41
LH:37
BRDA:8,0,0,11
BRDA:8,0,1,37
BRDA:9,1,0,48
BRDA:9,1,1,40
BRDA:9,1,2,27
BRDA:9,1,3,15
BRDA:28,2,0,0
BRDA:37,3,0,0
BRDA:38,4,0,0
BRDA:39,5,0,0
BRDA:40,6,0,0
BRDA:41,7,0,0
BRDA:42,8,0,0
BRDA:45,9,0,7
BRDA:58,10,0,7
BRDA:58,10,1,0
BRDA:62,11,0,0
BRDA:62,11,1,7
BRDA:64,12,0,0
BRDA:64,12,1,0
BRDA:64,13,0,0
BRDA:64,13,1,0
BRDA:64,14,0,0
BRDA:64,14,1,0
BRDA:67,15,0,3
BRDA:67,15,1,4
BRDA:67,16,0,3
BRDA:67,16,1,4
BRDA:67,17,0,3
BRDA:67,17,1,4
BRDA:86,18,0,0
BRDA:86,18,1,4
BRDA:108,19,0,66
BRDA:108,19,1,51
BRF:34
BRH:18
end_of_record
TN:
SF:src\utils\global.instance.ts
FNF:0
FNH:0
DA:3,2
LF:1
LH:1
BRF:0
BRH:0
end_of_record
